Log file open, 08/03/21 14:01:55
LogWindows: Failed to load 'aqProf.dll' (GetLastError=126)
LogWindows: File 'aqProf.dll' does not exist
LogWindows: Failed to load 'VtuneApi.dll' (GetLastError=126)
LogWindows: File 'VtuneApi.dll' does not exist
LogWindows: Failed to load 'VtuneApi32e.dll' (GetLastError=126)
LogWindows: File 'VtuneApi32e.dll' does not exist
LogConsoleResponse: Display: Failed to find resolution value strings in scalability ini. Falling back to default.
LogInit: Display: Running engine for game: Final_Project
LogPlatformFile: Not using cached read wrapper
LogTaskGraph: Started task graph with 5 named threads and 23 total threads with 3 sets of task threads.
LogStats: Stats thread started at 0.125389
LogD3D11RHI: Loaded GFSDK_Aftermath_Lib.x64.dll
LogICUInternationalization: ICU TimeZone Detection - Raw Offset: -5:00, Platform Override: ''
LogPluginManager: Mounting plugin Paper2D
LogPluginManager: Mounting plugin AISupport
LogPluginManager: Mounting plugin LightPropagationVolume
LogPluginManager: Mounting plugin ActorLayerUtilities
LogPluginManager: Mounting plugin AnimationSharing
LogPluginManager: Mounting plugin CLionSourceCodeAccess
LogPluginManager: Mounting plugin CodeLiteSourceCodeAccess
LogPluginManager: Mounting plugin GitSourceControl
LogPluginManager: Mounting plugin KDevelopSourceCodeAccess
LogPluginManager: Mounting plugin NullSourceCodeAccess
LogPluginManager: Mounting plugin PerforceSourceControl
LogPluginManager: Mounting plugin SubversionSourceControl
LogPluginManager: Mounting plugin UObjectPlugin
LogPluginManager: Mounting plugin VisualStudioCodeSourceCodeAccess
LogPluginManager: Mounting plugin VisualStudioSourceCodeAccess
LogPluginManager: Mounting plugin XCodeSourceCodeAccess
LogPluginManager: Mounting plugin AssetManagerEditor
LogPluginManager: Mounting plugin CryptoKeys
LogPluginManager: Mounting plugin CurveEditorTools
LogPluginManager: Mounting plugin DataValidation
LogPluginManager: Mounting plugin FacialAnimation
LogPluginManager: Mounting plugin GameplayTagsEditor
LogPluginManager: Mounting plugin MacGraphicsSwitching
LogPluginManager: Mounting plugin MaterialAnalyzer
LogPluginManager: Mounting plugin MobileLauncherProfileWizard
LogPluginManager: Mounting plugin PluginBrowser
LogPluginManager: Mounting plugin SpeedTreeImporter
LogPluginManager: Mounting plugin DatasmithContent
LogPluginManager: Mounting plugin VariantManagerContent
LogPluginManager: Mounting plugin AlembicImporter
LogPluginManager: Mounting plugin AutomationUtils
LogPluginManager: Mounting plugin BackChannel
LogPluginManager: Mounting plugin CharacterAI
LogPluginManager: Mounting plugin GeometryCache
LogPluginManager: Mounting plugin HTML5Networking
LogPluginManager: Mounting plugin PlatformCrypto
LogPluginManager: Mounting plugin ProxyLODPlugin
LogPluginManager: Mounting plugin SkeletalReduction
LogPluginManager: Mounting plugin MagicLeap
LogPluginManager: Mounting plugin MagicLeapMedia
LogPluginManager: Mounting plugin AndroidMedia
LogPluginManager: Mounting plugin AvfMedia
LogPluginManager: Mounting plugin ImgMedia
LogPluginManager: Mounting plugin MediaCompositing
LogPluginManager: Mounting plugin MediaPlayerEditor
LogPluginManager: Mounting plugin WebMMedia
LogPluginManager: Mounting plugin WmfMedia
LogPluginManager: Mounting plugin TcpMessaging
LogPluginManager: Mounting plugin UdpMessaging
LogPluginManager: Mounting plugin ActorSequence
LogPluginManager: Mounting plugin LevelSequenceEditor
LogPluginManager: Mounting plugin MatineeToLevelSequence
LogPluginManager: Mounting plugin NetcodeUnitTest
LogPluginManager: Mounting plugin NUTUnrealEngine4
LogPluginManager: Mounting plugin OnlineSubsystemGooglePlay
LogPluginManager: Mounting plugin OnlineSubsystemIOS
LogPluginManager: Mounting plugin OnlineSubsystem
LogPluginManager: Mounting plugin OnlineSubsystemNull
LogPluginManager: Mounting plugin OnlineSubsystemUtils
LogPluginManager: Mounting plugin LauncherChunkInstaller
LogPluginManager: Mounting plugin AndroidDeviceProfileSelector
LogPluginManager: Mounting plugin AndroidMoviePlayer
LogPluginManager: Mounting plugin AndroidPermission
LogPluginManager: Mounting plugin AppleImageUtils
LogPluginManager: Mounting plugin AppleMoviePlayer
LogPluginManager: Mounting plugin ArchVisCharacter
LogPluginManager: Mounting plugin AudioCapture
LogPluginManager: Mounting plugin CableComponent
LogPluginManager: Mounting plugin CustomMeshComponent
LogPluginManager: Mounting plugin EditableMesh
LogPluginManager: Mounting plugin ExampleDeviceProfileSelector
LogPluginManager: Mounting plugin GoogleCloudMessaging
LogPluginManager: Mounting plugin IOSDeviceProfileSelector
LogPluginManager: Mounting plugin LinuxDeviceProfileSelector
LogPluginManager: Mounting plugin LocationServicesBPLibrary
LogPluginManager: Mounting plugin MobilePatchingUtils
LogPluginManager: Mounting plugin OculusVR
LogPluginManager: Mounting plugin PhysXVehicles
LogPluginManager: Mounting plugin ProceduralMeshComponent
LogPluginManager: Mounting plugin RuntimePhysXCooking
LogPluginManager: Mounting plugin SignificanceManager
LogPluginManager: Mounting plugin SteamVR
LogPluginManager: Mounting plugin WebMMoviePlayer
LogPluginManager: Mounting plugin WindowsMoviePlayer
LogPluginManager: Mounting plugin ScreenshotTools
LogInit: Using libcurl 7.55.1-DEV
LogInit:  - built for x86_64-pc-win32
LogInit:  - supports SSL with OpenSSL/1.1.1
LogInit:  - supports HTTP deflate (compression) using libz 1.2.8
LogInit:  - other features:
LogInit:      CURL_VERSION_SSL
LogInit:      CURL_VERSION_LIBZ
LogInit:      CURL_VERSION_IPV6
LogInit:      CURL_VERSION_ASYNCHDNS
LogInit:      CURL_VERSION_LARGEFILE
LogInit:      CURL_VERSION_IDN
LogInit:  CurlRequestOptions (configurable via config and command line):
LogInit:  - bVerifyPeer = true  - Libcurl will verify peer certificate
LogInit:  - bUseHttpProxy = false  - Libcurl will NOT use HTTP proxy
LogInit:  - bDontReuseConnections = false  - Libcurl will reuse connections
LogInit:  - MaxHostConnections = 16  - Libcurl will limit the number of connections to a host
LogInit:  - LocalHostAddr = Default
LogInit:  - BufferSize = 65536
LogOnline: OSS: Creating online subsystem instance for: NULL
LogInit: WinSock: version 1.1 (2.2), MaxSocks=32767, MaxUdp=65467
LogInit: Build: ++UE4+Release-4.23-CL-9631420
LogInit: Engine Version: 4.23.1-9631420+++UE4+Release-4.23
LogInit: Compatible Engine Version: 4.23.0-8386587+++UE4+Release-4.23
LogInit: Net CL: 8386587
LogInit: OS: Windows 10 (Release 2009) (), CPU: Intel(R) Core(TM) i7-1065G7 CPU @ 1.30GHz, GPU: Intel(R) Iris(R) Plus Graphics
LogInit: Compiled (64-bit): Oct 18 2019 02:07:44
LogInit: Compiled with Visual C++: 19.16.27030.01
LogInit: Build Configuration: Development
LogInit: Branch Name: ++UE4+Release-4.23
LogInit: Command Line:  -EpicPortal -epicusername="xera ツ" -epicuserid=5bfda8880cdb49189da632b728097990 -epiclocale=en
LogInit: Base Directory: C:/Program Files/Epic Games/UE_4.23/Engine/Binaries/Win64/
LogInit: Installed Engine Build: 1
LogDevObjectVersion: Number of dev versions registered: 23
LogDevObjectVersion:   Dev-Blueprints (B0D832E4-1F89-4F0D-ACCF-7EB736FD4AA2): 10
LogDevObjectVersion:   Dev-Build (E1C64328-A22C-4D53-A36C-8E866417BD8C): 0
LogDevObjectVersion:   Dev-Core (375EC13C-06E4-48FB-B500-84F0262A717E): 3
LogDevObjectVersion:   Dev-Editor (E4B068ED-F494-42E9-A231-DA0B2E46BB41): 34
LogDevObjectVersion:   Dev-Framework (CFFC743F-43B0-4480-9391-14DF171D2073): 35
LogDevObjectVersion:   Dev-Mobile (B02B49B5-BB20-44E9-A304-32B752E40360): 2
LogDevObjectVersion:   Dev-Networking (A4E4105C-59A1-49B5-A7C5-40C4547EDFEE): 0
LogDevObjectVersion:   Dev-Online (39C831C9-5AE6-47DC-9A44-9C173E1C8E7C): 0
LogDevObjectVersion:   Dev-Physics (78F01B33-EBEA-4F98-B9B4-84EACCB95AA2): 0
LogDevObjectVersion:   Dev-Platform (6631380F-2D4D-43E0-8009-CF276956A95A): 0
LogDevObjectVersion:   Dev-Rendering (12F88B9F-8875-4AFC-A67C-D90C383ABD29): 31
LogDevObjectVersion:   Dev-Sequencer (7B5AE74C-D270-4C10-A958-57980B212A5A): 11
LogDevObjectVersion:   Dev-VR (D7296918-1DD6-4BDD-9DE2-64A83CC13884): 2
LogDevObjectVersion:   Dev-LoadTimes (C2A15278-BFE7-4AFE-6C17-90FF531DF755): 1
LogDevObjectVersion:   Private-Geometry (6EACA3D4-40EC-4CC1-B786-8BED09428FC5): 3
LogDevObjectVersion:   Dev-AnimPhys (29E575DD-E0A3-4627-9D10-D276232CDCEA): 17
LogDevObjectVersion:   Dev-Anim (AF43A65D-7FD3-4947-9873-3E8ED9C1BB05): 2
LogDevObjectVersion:   Dev-ReflectionCapture (6B266CEC-1EC7-4B8F-A30B-E4D90942FC07): 1
LogDevObjectVersion:   Dev-Automation (0DF73D61-A23F-47EA-B727-89E90C41499A): 1
LogDevObjectVersion:   FortniteMain (601D1886-AC64-4F84-AA16-D3DE0DEAC7D6): 27
LogDevObjectVersion:   Dev-Enterprise (9DFFBCD6-494F-0158-E221-12823C92A888): 6
LogDevObjectVersion:   Dev-Niagara (F2AED0AC-9AFE-416F-8664-AA7FFA26D6FC): 1
LogDevObjectVersion:   Dev-Destruction (174F1F0B-B4C6-45A5-B13F-2EE8D0FB917D): 9
LogInit: Presizing for max 16777216 objects, including 0 objects not considered by GC, pre-allocating 0 bytes for permanent pool.
LogInit: Object subsystem initialized
LogConfig: Setting CVar [[con.DebugEarlyDefault:1]]
LogConfig: Setting CVar [[r.setres:1280x720]]
[2021.08.03-18.01.56:131][  0]LogConfig: Setting CVar [[r.VSync:0]]
[2021.08.03-18.01.56:131][  0]LogConfig: Setting CVar [[r.RHICmdBypass:0]]
[2021.08.03-18.01.56:131][  0]LogConfig: Applying CVar settings from Section [/Script/Engine.RendererSettings] File [C:/Users/huiwa/OneDrive/Documents/Unreal Projects/Final_Project/Saved/Config/Windows/Engine.ini]
[2021.08.03-18.01.56:131][  0]LogConfig: Setting CVar [[r.GPUCrashDebugging:0]]
[2021.08.03-18.01.56:131][  0]LogConfig: Applying CVar settings from Section [/Script/Engine.RendererOverrideSettings] File [C:/Users/huiwa/OneDrive/Documents/Unreal Projects/Final_Project/Saved/Config/Windows/Engine.ini]
[2021.08.03-18.01.56:131][  0]LogConfig: Applying CVar settings from Section [/Script/Engine.StreamingSettings] File [C:/Users/huiwa/OneDrive/Documents/Unreal Projects/Final_Project/Saved/Config/Windows/Engine.ini]
[2021.08.03-18.01.56:131][  0]LogConfig: Setting CVar [[s.MinBulkDataSizeForAsyncLoading:131072]]
[2021.08.03-18.01.56:131][  0]LogConfig: Setting CVar [[s.AsyncLoadingThreadEnabled:0]]
[2021.08.03-18.01.56:131][  0]LogConfig: Setting CVar [[s.EventDrivenLoaderEnabled:1]]
[2021.08.03-18.01.56:131][  0]LogConfig: Setting CVar [[s.WarnIfTimeLimitExceeded:0]]
[2021.08.03-18.01.56:131][  0]LogConfig: Setting CVar [[s.TimeLimitExceededMultiplier:1.5]]
[2021.08.03-18.01.56:131][  0]LogConfig: Setting CVar [[s.TimeLimitExceededMinTime:0.005]]
[2021.08.03-18.01.56:131][  0]LogConfig: Setting CVar [[s.UseBackgroundLevelStreaming:1]]
[2021.08.03-18.01.56:131][  0]LogConfig: Setting CVar [[s.PriorityAsyncLoadingExtraTime:15.0]]
[2021.08.03-18.01.56:131][  0]LogConfig: Setting CVar [[s.LevelStreamingActorsUpdateTimeLimit:5.0]]
[2021.08.03-18.01.56:131][  0]LogConfig: Setting CVar [[s.PriorityLevelStreamingActorsUpdateExtraTime:5.0]]
[2021.08.03-18.01.56:131][  0]LogConfig: Setting CVar [[s.LevelStreamingComponentsRegistrationGranularity:10]]
[2021.08.03-18.01.56:131][  0]LogConfig: Setting CVar [[s.UnregisterComponentsTimeLimit:1.0]]
[2021.08.03-18.01.56:131][  0]LogConfig: Setting CVar [[s.LevelStreamingComponentsUnregistrationGranularity:5]]
[2021.08.03-18.01.56:131][  0]LogConfig: Applying CVar settings from Section [/Script/Engine.GarbageCollectionSettings] File [C:/Users/huiwa/OneDrive/Documents/Unreal Projects/Final_Project/Saved/Config/Windows/Engine.ini]
[2021.08.03-18.01.56:131][  0]LogConfig: Setting CVar [[gc.MaxObjectsNotConsideredByGC:1]]
[2021.08.03-18.01.56:131][  0]LogConfig: Setting CVar [[gc.SizeOfPermanentObjectPool:0]]
[2021.08.03-18.01.56:131][  0]LogConfig: Setting CVar [[gc.FlushStreamingOnGC:0]]
[2021.08.03-18.01.56:131][  0]LogConfig: Setting CVar [[gc.NumRetriesBeforeForcingGC:10]]
[2021.08.03-18.01.56:131][  0]LogConfig: Setting CVar [[gc.AllowParallelGC:1]]
[2021.08.03-18.01.56:131][  0]LogConfig: Setting CVar [[gc.TimeBetweenPurgingPendingKillObjects:61.1]]
[2021.08.03-18.01.56:131][  0]LogConfig: Setting CVar [[gc.MaxObjectsInEditor:16777216]]
[2021.08.03-18.01.56:131][  0]LogConfig: Setting CVar [[gc.IncrementalBeginDestroyEnabled:1]]
[2021.08.03-18.01.56:131][  0]LogConfig: Setting CVar [[gc.CreateGCClusters:1]]
[2021.08.03-18.01.56:131][  0]LogConfig: Setting CVar [[gc.MinGCClusterSize:5]]
[2021.08.03-18.01.56:131][  0]LogConfig: Setting CVar [[gc.ActorClusteringEnabled:0]]
[2021.08.03-18.01.56:131][  0]LogConfig: Setting CVar [[gc.BlueprintClusteringEnabled:0]]
[2021.08.03-18.01.56:131][  0]LogConfig: Setting CVar [[gc.UseDisregardForGCOnDedicatedServers:0]]
[2021.08.03-18.01.56:131][  0]LogConfig: Applying CVar settings from Section [/Script/Engine.NetworkSettings] File [C:/Users/huiwa/OneDrive/Documents/Unreal Projects/Final_Project/Saved/Config/Windows/Engine.ini]
[2021.08.03-18.01.56:131][  0]LogConfig: Applying CVar settings from Section [/Script/UnrealEd.CookerSettings] File [C:/Users/huiwa/OneDrive/Documents/Unreal Projects/Final_Project/Saved/Config/Windows/Engine.ini]
[2021.08.03-18.01.56:136][  0]LogConfig: Applying CVar settings from Section [ViewDistanceQuality@3] File [C:/Users/huiwa/OneDrive/Documents/Unreal Projects/Final_Project/Saved/Config/Windows/Scalability.ini]
[2021.08.03-18.01.56:136][  0]LogConfig: Setting CVar [[r.SkeletalMeshLODBias:0]]
[2021.08.03-18.01.56:136][  0]LogConfig: Setting CVar [[r.ViewDistanceScale:1.0]]
[2021.08.03-18.01.56:136][  0]LogConfig: Applying CVar settings from Section [AntiAliasingQuality@3] File [C:/Users/huiwa/OneDrive/Documents/Unreal Projects/Final_Project/Saved/Config/Windows/Scalability.ini]
[2021.08.03-18.01.56:136][  0]LogConfig: Setting CVar [[r.PostProcessAAQuality:4]]
[2021.08.03-18.01.56:136][  0]LogConfig: Applying CVar settings from Section [ShadowQuality@3] File [C:/Users/huiwa/OneDrive/Documents/Unreal Projects/Final_Project/Saved/Config/Windows/Scalability.ini]
[2021.08.03-18.01.56:137][  0]LogConfig: Setting CVar [[r.LightFunctionQuality:1]]
[2021.08.03-18.01.56:137][  0]LogConfig: Setting CVar [[r.ShadowQuality:5]]
[2021.08.03-18.01.56:137][  0]LogConfig: Setting CVar [[r.Shadow.CSM.MaxCascades:10]]
[2021.08.03-18.01.56:137][  0]LogConfig: Setting CVar [[r.Shadow.MaxResolution:2048]]
[2021.08.03-18.01.56:137][  0]LogConfig: Setting CVar [[r.Shadow.MaxCSMResolution:2048]]
[2021.08.03-18.01.56:137][  0]LogConfig: Setting CVar [[r.Shadow.RadiusThreshold:0.01]]
[2021.08.03-18.01.56:137][  0]LogConfig: Setting CVar [[r.Shadow.DistanceScale:1.0]]
[2021.08.03-18.01.56:137][  0]LogConfig: Setting CVar [[r.Shadow.CSM.TransitionScale:1.0]]
[2021.08.03-18.01.56:137][  0]LogConfig: Setting CVar [[r.Shadow.PreShadowResolutionFactor:1.0]]
[2021.08.03-18.01.56:137][  0]LogConfig: Setting CVar [[r.DistanceFieldShadowing:1]]
[2021.08.03-18.01.56:137][  0]LogConfig: Setting CVar [[r.DistanceFieldAO:1]]
[2021.08.03-18.01.56:137][  0]LogConfig: Setting CVar [[r.AOQuality:2]]
[2021.08.03-18.01.56:137][  0]LogConfig: Setting CVar [[r.VolumetricFog:1]]
[2021.08.03-18.01.56:137][  0]LogConfig: Setting CVar [[r.VolumetricFog.GridPixelSize:8]]
[2021.08.03-18.01.56:137][  0]LogConfig: Setting CVar [[r.VolumetricFog.GridSizeZ:128]]
[2021.08.03-18.01.56:137][  0]LogConfig: Setting CVar [[r.VolumetricFog.HistoryMissSupersampleCount:4]]
[2021.08.03-18.01.56:137][  0]LogConfig: Setting CVar [[r.LightMaxDrawDistanceScale:1]]
[2021.08.03-18.01.56:137][  0]LogConfig: Setting CVar [[r.CapsuleShadows:1]]
[2021.08.03-18.01.56:137][  0]LogConfig: Applying CVar settings from Section [PostProcessQuality@3] File [C:/Users/huiwa/OneDrive/Documents/Unreal Projects/Final_Project/Saved/Config/Windows/Scalability.ini]
[2021.08.03-18.01.56:137][  0]LogConfig: Setting CVar [[r.MotionBlurQuality:4]]
[2021.08.03-18.01.56:137][  0]LogConfig: Setting CVar [[r.AmbientOcclusionMipLevelFactor:0.4]]
[2021.08.03-18.01.56:137][  0]LogConfig: Setting CVar [[r.AmbientOcclusionMaxQuality:100]]
[2021.08.03-18.01.56:137][  0]LogConfig: Setting CVar [[r.AmbientOcclusionLevels:-1]]
[2021.08.03-18.01.56:137][  0]LogConfig: Setting CVar [[r.AmbientOcclusionRadiusScale:1.0]]
[2021.08.03-18.01.56:137][  0]LogConfig: Setting CVar [[r.DepthOfFieldQuality:2]]
[2021.08.03-18.01.56:137][  0]LogConfig: Setting CVar [[r.RenderTargetPoolMin:400]]
[2021.08.03-18.01.56:137][  0]LogConfig: Setting CVar [[r.LensFlareQuality:2]]
[2021.08.03-18.01.56:137][  0]LogConfig: Setting CVar [[r.SceneColorFringeQuality:1]]
[2021.08.03-18.01.56:137][  0]LogConfig: Setting CVar [[r.EyeAdaptationQuality:2]]
[2021.08.03-18.01.56:137][  0]LogConfig: Setting CVar [[r.BloomQuality:5]]
[2021.08.03-18.01.56:137][  0]LogConfig: Setting CVar [[r.FastBlurThreshold:100]]
[2021.08.03-18.01.56:137][  0]LogConfig: Setting CVar [[r.Upscale.Quality:3]]
[2021.08.03-18.01.56:137][  0]LogConfig: Setting CVar [[r.Tonemapper.GrainQuantization:1]]
[2021.08.03-18.01.56:137][  0]LogConfig: Setting CVar [[r.LightShaftQuality:1]]
[2021.08.03-18.01.56:137][  0]LogConfig: Setting CVar [[r.Filter.SizeScale:1]]
[2021.08.03-18.01.56:137][  0]LogConfig: Setting CVar [[r.Tonemapper.Quality:5]]
[2021.08.03-18.01.56:137][  0]LogConfig: Setting CVar [[r.DOF.Gather.AccumulatorQuality:1        ; higher gathering accumulator quality]]
[2021.08.03-18.01.56:137][  0]LogConfig: Setting CVar [[r.DOF.Gather.PostfilterMethod:1          ; Median3x3 postfilering method]]
[2021.08.03-18.01.56:137][  0]LogConfig: Setting CVar [[r.DOF.Gather.EnableBokehSettings:0       ; no bokeh simulation when gathering]]
[2021.08.03-18.01.56:137][  0]LogConfig: Setting CVar [[r.DOF.Gather.RingCount:4                 ; medium number of samples when gathering]]
[2021.08.03-18.01.56:137][  0]LogConfig: Setting CVar [[r.DOF.Scatter.ForegroundCompositing:1    ; additive foreground scattering]]
[2021.08.03-18.01.56:137][  0]LogConfig: Setting CVar [[r.DOF.Scatter.BackgroundCompositing:2    ; additive background scattering]]
[2021.08.03-18.01.56:137][  0]LogConfig: Setting CVar [[r.DOF.Scatter.EnableBokehSettings:1      ; bokeh simulation when scattering]]
[2021.08.03-18.01.56:137][  0]LogConfig: Setting CVar [[r.DOF.Scatter.MaxSpriteRatio:0.1         ; only a maximum of 10% of scattered bokeh]]
[2021.08.03-18.01.56:137][  0]LogConfig: Setting CVar [[r.DOF.Recombine.Quality:1                ; cheap slight out of focus]]
[2021.08.03-18.01.56:137][  0]LogConfig: Setting CVar [[r.DOF.Recombine.EnableBokehSettings:0    ; no bokeh simulation on slight out of focus]]
[2021.08.03-18.01.56:137][  0]LogConfig: Setting CVar [[r.DOF.TemporalAAQuality:1                ; more stable temporal accumulation]]
[2021.08.03-18.01.56:137][  0]LogConfig: Setting CVar [[r.DOF.Kernel.MaxForegroundRadius:0.025]]
[2021.08.03-18.01.56:137][  0]LogConfig: Setting CVar [[r.DOF.Kernel.MaxBackgroundRadius:0.025]]
[2021.08.03-18.01.56:137][  0]LogConfig: Applying CVar settings from Section [TextureQuality@3] File [C:/Users/huiwa/OneDrive/Documents/Unreal Projects/Final_Project/Saved/Config/Windows/Scalability.ini]
[2021.08.03-18.01.56:137][  0]LogConfig: Setting CVar [[r.Streaming.MipBias:0]]
[2021.08.03-18.01.56:137][  0]LogConfig: Setting CVar [[r.Streaming.AmortizeCPUToGPUCopy:0]]
[2021.08.03-18.01.56:137][  0]LogConfig: Setting CVar [[r.Streaming.MaxNumTexturesToStreamPerFrame:0]]
[2021.08.03-18.01.56:137][  0]LogConfig: Setting CVar [[r.Streaming.Boost:1]]
[2021.08.03-18.01.56:138][  0]LogConfig: Setting CVar [[r.MaxAnisotropy:8]]
[2021.08.03-18.01.56:138][  0]LogConfig: Setting CVar [[r.Streaming.LimitPoolSizeToVRAM:0]]
[2021.08.03-18.01.56:138][  0]LogConfig: Setting CVar [[r.Streaming.PoolSize:1000]]
[2021.08.03-18.01.56:138][  0]LogConfig: Setting CVar [[r.Streaming.MaxEffectiveScreenSize:0]]
[2021.08.03-18.01.56:138][  0]LogConfig: Applying CVar settings from Section [EffectsQuality@3] File [C:/Users/huiwa/OneDrive/Documents/Unreal Projects/Final_Project/Saved/Config/Windows/Scalability.ini]
[2021.08.03-18.01.56:138][  0]LogConfig: Setting CVar [[r.TranslucencyLightingVolumeDim:64]]
[2021.08.03-18.01.56:138][  0]LogConfig: Setting CVar [[r.RefractionQuality:2]]
[2021.08.03-18.01.56:138][  0]LogConfig: Setting CVar [[r.SSR.Quality:3]]
[2021.08.03-18.01.56:138][  0]LogConfig: Setting CVar [[r.SceneColorFormat:4]]
[2021.08.03-18.01.56:138][  0]LogConfig: Setting CVar [[r.DetailMode:2]]
[2021.08.03-18.01.56:138][  0]LogConfig: Setting CVar [[r.TranslucencyVolumeBlur:1]]
[2021.08.03-18.01.56:138][  0]LogConfig: Setting CVar [[r.MaterialQualityLevel:1 ; High quality]]
[2021.08.03-18.01.56:138][  0]LogConfig: Setting CVar [[r.SSS.Scale:1]]
[2021.08.03-18.01.56:138][  0]LogConfig: Setting CVar [[r.SSS.SampleSet:2]]
[2021.08.03-18.01.56:138][  0]LogConfig: Setting CVar [[r.SSS.Quality:1]]
[2021.08.03-18.01.56:138][  0]LogConfig: Setting CVar [[r.SSS.HalfRes:1]]
[2021.08.03-18.01.56:138][  0]LogConfig: Setting CVar [[r.EmitterSpawnRateScale:1.0]]
[2021.08.03-18.01.56:138][  0]LogConfig: Setting CVar [[r.ParticleLightQuality:2]]
[2021.08.03-18.01.56:138][  0]LogConfig: Applying CVar settings from Section [FoliageQuality@3] File [C:/Users/huiwa/OneDrive/Documents/Unreal Projects/Final_Project/Saved/Config/Windows/Scalability.ini]
[2021.08.03-18.01.56:138][  0]LogConfig: Setting CVar [[foliage.DensityScale:1.0]]
[2021.08.03-18.01.56:138][  0]LogConfig: Setting CVar [[grass.DensityScale:1.0]]
[2021.08.03-18.01.56:138][  0]LogInit: Selected Device Profile: [Windows]
[2021.08.03-18.01.56:138][  0]LogInit: Applying CVar settings loaded from the selected device profile: [Windows]
[2021.08.03-18.01.56:144][  0]LogHAL: Display: Platform has ~ 8 GB [8346456064 / 8589934592 / 8], which maps to Default [LargestMinGB=32, LargerMinGB=12, DefaultMinGB=8, SmallerMinGB=6, SmallestMinGB=0)
[2021.08.03-18.01.56:144][  0]LogInit: Going up to parent DeviceProfile []
[2021.08.03-18.01.56:144][  0]LogConfig: Applying CVar settings from Section [ViewDistanceQuality@1] File [C:/Users/huiwa/OneDrive/Documents/Unreal Projects/Final_Project/Saved/Config/Windows/Scalability.ini]
[2021.08.03-18.01.56:144][  0]LogConfig: Setting CVar [[r.SkeletalMeshLODBias:1]]
[2021.08.03-18.01.56:144][  0]LogConfig: Setting CVar [[r.ViewDistanceScale:0.6]]
[2021.08.03-18.01.56:144][  0]LogConfig: Applying CVar settings from Section [AntiAliasingQuality@1] File [C:/Users/huiwa/OneDrive/Documents/Unreal Projects/Final_Project/Saved/Config/Windows/Scalability.ini]
[2021.08.03-18.01.56:144][  0]LogConfig: Setting CVar [[r.PostProcessAAQuality:2]]
[2021.08.03-18.01.56:144][  0]LogConfig: Applying CVar settings from Section [ShadowQuality@1] File [C:/Users/huiwa/OneDrive/Documents/Unreal Projects/Final_Project/Saved/Config/Windows/Scalability.ini]
[2021.08.03-18.01.56:144][  0]LogConfig: Setting CVar [[r.LightFunctionQuality:1]]
[2021.08.03-18.01.56:144][  0]LogConfig: Setting CVar [[r.ShadowQuality:3]]
[2021.08.03-18.01.56:144][  0]LogConfig: Setting CVar [[r.Shadow.CSM.MaxCascades:1]]
[2021.08.03-18.01.56:144][  0]LogConfig: Setting CVar [[r.Shadow.MaxResolution:1024]]
[2021.08.03-18.01.56:144][  0]LogConfig: Setting CVar [[r.Shadow.MaxCSMResolution:1024]]
[2021.08.03-18.01.56:144][  0]LogConfig: Setting CVar [[r.Shadow.RadiusThreshold:0.05]]
[2021.08.03-18.01.56:144][  0]LogConfig: Setting CVar [[r.Shadow.DistanceScale:0.7]]
[2021.08.03-18.01.56:144][  0]LogConfig: Setting CVar [[r.Shadow.CSM.TransitionScale:0.25]]
[2021.08.03-18.01.56:144][  0]LogConfig: Setting CVar [[r.Shadow.PreShadowResolutionFactor:0.5]]
[2021.08.03-18.01.56:144][  0]LogConfig: Setting CVar [[r.DistanceFieldShadowing:0]]
[2021.08.03-18.01.56:144][  0]LogConfig: Setting CVar [[r.DistanceFieldAO:0]]
[2021.08.03-18.01.56:144][  0]LogConfig: Setting CVar [[r.VolumetricFog:0]]
[2021.08.03-18.01.56:144][  0]LogConfig: Setting CVar [[r.LightMaxDrawDistanceScale:.5]]
[2021.08.03-18.01.56:144][  0]LogConfig: Setting CVar [[r.CapsuleShadows:1]]
[2021.08.03-18.01.56:145][  0]LogConfig: Applying CVar settings from Section [PostProcessQuality@1] File [C:/Users/huiwa/OneDrive/Documents/Unreal Projects/Final_Project/Saved/Config/Windows/Scalability.ini]
[2021.08.03-18.01.56:145][  0]LogConfig: Setting CVar [[r.MotionBlurQuality:3]]
[2021.08.03-18.01.56:145][  0]LogConfig: Setting CVar [[r.AmbientOcclusionMipLevelFactor:1.0]]
[2021.08.03-18.01.56:145][  0]LogConfig: Setting CVar [[r.AmbientOcclusionMaxQuality:60]]
[2021.08.03-18.01.56:145][  0]LogConfig: Setting CVar [[r.AmbientOcclusionLevels:-1]]
[2021.08.03-18.01.56:145][  0]LogConfig: Setting CVar [[r.AmbientOcclusionRadiusScale:1.5]]
[2021.08.03-18.01.56:145][  0]LogConfig: Setting CVar [[r.DepthOfFieldQuality:1]]
[2021.08.03-18.01.56:145][  0]LogConfig: Setting CVar [[r.RenderTargetPoolMin:350]]
[2021.08.03-18.01.56:145][  0]LogConfig: Setting CVar [[r.LensFlareQuality:0]]
[2021.08.03-18.01.56:145][  0]LogConfig: Setting CVar [[r.SceneColorFringeQuality:0]]
[2021.08.03-18.01.56:145][  0]LogConfig: Setting CVar [[r.EyeAdaptationQuality:0]]
[2021.08.03-18.01.56:145][  0]LogConfig: Setting CVar [[r.BloomQuality:4]]
[2021.08.03-18.01.56:145][  0]LogConfig: Setting CVar [[r.FastBlurThreshold:2]]
[2021.08.03-18.01.56:145][  0]LogConfig: Setting CVar [[r.Upscale.Quality:2]]
[2021.08.03-18.01.56:145][  0]LogConfig: Setting CVar [[r.Tonemapper.GrainQuantization:0]]
[2021.08.03-18.01.56:145][  0]LogConfig: Setting CVar [[r.LightShaftQuality:0]]
[2021.08.03-18.01.56:145][  0]LogConfig: Setting CVar [[r.Filter.SizeScale:0.7]]
[2021.08.03-18.01.56:145][  0]LogConfig: Setting CVar [[r.Tonemapper.Quality:2]]
[2021.08.03-18.01.56:145][  0]LogConfig: Setting CVar [[r.DOF.Gather.AccumulatorQuality:0        ; lower gathering accumulator quality]]
[2021.08.03-18.01.56:145][  0]LogConfig: Setting CVar [[r.DOF.Gather.PostfilterMethod:2          ; Max3x3 postfilering method]]
[2021.08.03-18.01.56:145][  0]LogConfig: Setting CVar [[r.DOF.Gather.EnableBokehSettings:0       ; no bokeh simulation when gathering]]
[2021.08.03-18.01.56:145][  0]LogConfig: Setting CVar [[r.DOF.Gather.RingCount:3                 ; low number of samples when gathering]]
[2021.08.03-18.01.56:145][  0]LogConfig: Setting CVar [[r.DOF.Scatter.ForegroundCompositing:0    ; no foreground scattering]]
[2021.08.03-18.01.56:145][  0]LogConfig: Setting CVar [[r.DOF.Scatter.BackgroundCompositing:0    ; no foreground scattering]]
[2021.08.03-18.01.56:145][  0]LogConfig: Setting CVar [[r.DOF.Recombine.Quality:0                ; no slight out of focus]]
[2021.08.03-18.01.56:145][  0]LogConfig: Setting CVar [[r.DOF.TemporalAAQuality:0                ; faster temporal accumulation]]
[2021.08.03-18.01.56:145][  0]LogConfig: Setting CVar [[r.DOF.Kernel.MaxForegroundRadius:0.006   ; required because low gathering and no scattering and not looking great at 1080p]]
[2021.08.03-18.01.56:145][  0]LogConfig: Setting CVar [[r.DOF.Kernel.MaxBackgroundRadius:0.006   ; required because low gathering and no scattering and not looking great at 1080p]]
[2021.08.03-18.01.56:145][  0]LogConfig: Applying CVar settings from Section [TextureQuality@1] File [C:/Users/huiwa/OneDrive/Documents/Unreal Projects/Final_Project/Saved/Config/Windows/Scalability.ini]
[2021.08.03-18.01.56:145][  0]LogConfig: Setting CVar [[r.Streaming.MipBias:1]]
[2021.08.03-18.01.56:145][  0]LogConfig: Setting CVar [[r.Streaming.AmortizeCPUToGPUCopy:0]]
[2021.08.03-18.01.56:145][  0]LogConfig: Setting CVar [[r.Streaming.MaxNumTexturesToStreamPerFrame:0]]
[2021.08.03-18.01.56:145][  0]LogConfig: Setting CVar [[r.Streaming.Boost:1]]
[2021.08.03-18.01.56:145][  0]LogConfig: Setting CVar [[r.MaxAnisotropy:2]]
[2021.08.03-18.01.56:145][  0]LogConfig: Setting CVar [[r.Streaming.LimitPoolSizeToVRAM:1]]
[2021.08.03-18.01.56:145][  0]LogConfig: Setting CVar [[r.Streaming.PoolSize:600]]
[2021.08.03-18.01.56:145][  0]LogConfig: Setting CVar [[r.Streaming.MaxEffectiveScreenSize:0]]
[2021.08.03-18.01.56:145][  0]LogConfig: Applying CVar settings from Section [EffectsQuality@1] File [C:/Users/huiwa/OneDrive/Documents/Unreal Projects/Final_Project/Saved/Config/Windows/Scalability.ini]
[2021.08.03-18.01.56:145][  0]LogConfig: Setting CVar [[r.TranslucencyLightingVolumeDim:32]]
[2021.08.03-18.01.56:145][  0]LogConfig: Setting CVar [[r.RefractionQuality:0]]
[2021.08.03-18.01.56:145][  0]LogConfig: Setting CVar [[r.SSR.Quality:0]]
[2021.08.03-18.01.56:145][  0]LogConfig: Setting CVar [[r.SceneColorFormat:3]]
[2021.08.03-18.01.56:145][  0]LogConfig: Setting CVar [[r.DetailMode:1]]
[2021.08.03-18.01.56:145][  0]LogConfig: Setting CVar [[r.TranslucencyVolumeBlur:0]]
[2021.08.03-18.01.56:145][  0]LogConfig: Setting CVar [[r.MaterialQualityLevel:2 ; Medium quality]]
[2021.08.03-18.01.56:145][  0]LogConfig: Setting CVar [[r.SSS.Scale:0.75]]
[2021.08.03-18.01.56:145][  0]LogConfig: Setting CVar [[r.SSS.SampleSet:0]]
[2021.08.03-18.01.56:145][  0]LogConfig: Setting CVar [[r.SSS.Quality:0]]
[2021.08.03-18.01.56:145][  0]LogConfig: Setting CVar [[r.SSS.HalfRes:1]]
[2021.08.03-18.01.56:145][  0]LogConfig: Setting CVar [[r.EmitterSpawnRateScale:0.25]]
[2021.08.03-18.01.56:145][  0]LogConfig: Setting CVar [[r.ParticleLightQuality:0]]
[2021.08.03-18.01.56:145][  0]LogConfig: Applying CVar settings from Section [FoliageQuality@1] File [C:/Users/huiwa/OneDrive/Documents/Unreal Projects/Final_Project/Saved/Config/Windows/Scalability.ini]
[2021.08.03-18.01.56:145][  0]LogConfig: Setting CVar [[foliage.DensityScale:0.4]]
[2021.08.03-18.01.56:145][  0]LogConfig: Setting CVar [[grass.DensityScale:0.4]]
[2021.08.03-18.01.56:146][  0]LogConfig: Applying CVar settings from Section [Startup] File [../../../Engine/Config/ConsoleVariables.ini]
[2021.08.03-18.01.56:146][  0]LogConfig: Setting CVar [[net.UseAdaptiveNetUpdateFrequency:0]]
[2021.08.03-18.01.56:146][  0]LogConfig: Setting CVar [[p.chaos.AllowCreatePhysxBodies:1]]
[2021.08.03-18.01.56:146][  0]LogConfig: Applying CVar settings from Section [ConsoleVariables] File [C:/Users/huiwa/OneDrive/Documents/Unreal Projects/Final_Project/Saved/Config/Windows/Engine.ini]
[2021.08.03-18.01.56:147][  0]LogInit: Computer: DESKTOP-KA1H9E6
[2021.08.03-18.01.56:147][  0]LogInit: User: huiwa
[2021.08.03-18.01.56:147][  0]LogInit: CPU Page size=4096, Cores=4
[2021.08.03-18.01.56:147][  0]LogInit: High frequency timer resolution =10.000000 MHz
[2021.08.03-18.01.56:147][  0]LogMemory: Memory total: Physical=7.8GB (8GB approx)
[2021.08.03-18.01.56:147][  0]LogMemory: Platform Memory Stats for Windows
[2021.08.03-18.01.56:147][  0]LogMemory: Process Physical Memory: 105.54 MB used, 105.54 MB peak
[2021.08.03-18.01.56:147][  0]LogMemory: Process Virtual Memory: 100.71 MB used, 100.71 MB peak
[2021.08.03-18.01.56:147][  0]LogMemory: Physical Memory: 6293.00 MB used,  1666.80 MB free, 7959.80 MB total
[2021.08.03-18.01.56:147][  0]LogMemory: Virtual Memory: 4671.25 MB used,  134213056.00 MB free, 134217728.00 MB total
[2021.08.03-18.01.56:152][  0]LogWindows: WindowsPlatformFeatures enabled
[2021.08.03-18.01.56:181][  0]LogInit: Using OS detected language (en-US).
[2021.08.03-18.01.56:181][  0]LogInit: Using OS detected locale (en-US).
[2021.08.03-18.01.56:182][  0]LogTextLocalizationManager: No specific localization for 'en-US' exists, so the 'en' localization will be used.
[2021.08.03-18.01.56:443][  0]LogInit: Setting process to per monitor DPI aware
[2021.08.03-18.01.56:496][  0]LogSlate: New Slate User Created.  User Index 0, Is Virtual User: 0
[2021.08.03-18.01.56:496][  0]LogSlate: Slate User Registered.  User Index 0, Is Virtual User: 0
[2021.08.03-18.01.56:831][  0]LogHMD: Failed to initialize OpenVR with code 110
[2021.08.03-18.01.56:831][  0]LogD3D11RHI: D3D11 adapters:
[2021.08.03-18.01.56:952][  0]LogD3D11RHI:    0. 'Intel(R) Iris(R) Plus Graphics' (Feature Level 11_0)
[2021.08.03-18.01.56:952][  0]LogD3D11RHI:       128/0/3979 MB DedicatedVideo/DedicatedSystem/SharedSystem, Outputs:1, VendorId:0x8086
[2021.08.03-18.01.56:956][  0]LogD3D11RHI:    1. 'Microsoft Basic Render Driver' (Feature Level 11_0)
[2021.08.03-18.01.56:956][  0]LogD3D11RHI:       0/0/3979 MB DedicatedVideo/DedicatedSystem/SharedSystem, Outputs:0, VendorId:0x1414
[2021.08.03-18.01.56:956][  0]LogD3D11RHI: Chosen D3D11 Adapter: 0
[2021.08.03-18.01.56:964][  0]LogD3D11RHI: Creating new Direct3DDevice
[2021.08.03-18.01.56:964][  0]LogD3D11RHI:     GPU DeviceId: 0x8a52 (for the marketing name, search the web for "GPU Device Id")
[2021.08.03-18.01.56:964][  0]LogWindows: EnumDisplayDevices:
[2021.08.03-18.01.56:964][  0]LogWindows:    0. 'Intel(R) Iris(R) Plus Graphics' (P:1 D:1)
[2021.08.03-18.01.56:965][  0]LogWindows:    1. 'Intel(R) Iris(R) Plus Graphics' (P:0 D:0)
[2021.08.03-18.01.56:965][  0]LogWindows:    2. 'Intel(R) Iris(R) Plus Graphics' (P:0 D:0)
[2021.08.03-18.01.56:965][  0]LogWindows: DebugString: FoundDriverCount:3 
[2021.08.03-18.01.56:966][  0]LogD3D11RHI:     Adapter Name: Intel(R) Iris(R) Plus Graphics
[2021.08.03-18.01.56:966][  0]LogD3D11RHI:   Driver Version: 27.20.100.8783 (internal:27.20.100.8783, unified:27.20.100.8783)
[2021.08.03-18.01.56:966][  0]LogD3D11RHI:      Driver Date: 9-24-2020
[2021.08.03-18.01.56:966][  0]LogRHI: Texture pool is 1482 MB (70% of 2117 MB)
[2021.08.03-18.01.57:089][  0]LogD3D11RHI: [IntelMetricsDiscovery] Started
[2021.08.03-18.01.57:089][  0]LogD3D11RHI: Async texture creation enabled
[2021.08.03-18.01.57:097][  0]LogD3D11RHI: GPU Timing Frequency: 19.200000 (Debug: 2 0)
[2021.08.03-18.01.57:683][  0]LogTemp: Display: Module 'AllDesktopTargetPlatform' loaded TargetPlatform 'AllDesktop'
[2021.08.03-18.01.57:701][  0]LogTemp: Display: Module 'MacClientTargetPlatform' loaded TargetPlatform 'MacClient'
[2021.08.03-18.01.57:718][  0]LogTemp: Display: Module 'MacNoEditorTargetPlatform' loaded TargetPlatform 'MacNoEditor'
[2021.08.03-18.01.57:737][  0]LogTemp: Display: Module 'MacServerTargetPlatform' loaded TargetPlatform 'MacServer'
[2021.08.03-18.01.57:756][  0]LogTemp: Display: Module 'MacTargetPlatform' loaded TargetPlatform 'Mac'
[2021.08.03-18.01.57:774][  0]LogTemp: Display: Module 'WindowsClientTargetPlatform' loaded TargetPlatform 'WindowsClient'
[2021.08.03-18.01.57:792][  0]LogTemp: Display: Module 'WindowsNoEditorTargetPlatform' loaded TargetPlatform 'WindowsNoEditor'
[2021.08.03-18.01.57:811][  0]LogTemp: Display: Module 'WindowsServerTargetPlatform' loaded TargetPlatform 'WindowsServer'
[2021.08.03-18.01.57:819][  0]LogTemp: Display: Module 'WindowsTargetPlatform' loaded TargetPlatform 'Windows'
[2021.08.03-18.01.57:875][  0]LogTemp: Display: Module 'AndroidTargetPlatform' loaded TargetPlatform 'Android'
[2021.08.03-18.01.57:875][  0]LogTemp: Display: Module 'AndroidTargetPlatform' loaded TargetPlatform 'Android_ASTC'
[2021.08.03-18.01.57:876][  0]LogTemp: Display: Module 'AndroidTargetPlatform' loaded TargetPlatform 'Android_ATC'
[2021.08.03-18.01.57:876][  0]LogTemp: Display: Module 'AndroidTargetPlatform' loaded TargetPlatform 'Android_DXT'
[2021.08.03-18.01.57:876][  0]LogTemp: Display: Module 'AndroidTargetPlatform' loaded TargetPlatform 'Android_ETC1'
[2021.08.03-18.01.57:876][  0]LogTemp: Display: Module 'AndroidTargetPlatform' loaded TargetPlatform 'Android_ETC1a'
[2021.08.03-18.01.57:876][  0]LogTemp: Display: Module 'AndroidTargetPlatform' loaded TargetPlatform 'Android_ETC2'
[2021.08.03-18.01.57:876][  0]LogTemp: Display: Module 'AndroidTargetPlatform' loaded TargetPlatform 'Android_PVRTC'
[2021.08.03-18.01.57:876][  0]LogTemp: Display: Module 'AndroidTargetPlatform' loaded TargetPlatform 'AndroidClient'
[2021.08.03-18.01.57:876][  0]LogTemp: Display: Module 'AndroidTargetPlatform' loaded TargetPlatform 'Android_ASTCClient'
[2021.08.03-18.01.57:876][  0]LogTemp: Display: Module 'AndroidTargetPlatform' loaded TargetPlatform 'Android_ATCClient'
[2021.08.03-18.01.57:876][  0]LogTemp: Display: Module 'AndroidTargetPlatform' loaded TargetPlatform 'Android_DXTClient'
[2021.08.03-18.01.57:876][  0]LogTemp: Display: Module 'AndroidTargetPlatform' loaded TargetPlatform 'Android_ETC1Client'
[2021.08.03-18.01.57:876][  0]LogTemp: Display: Module 'AndroidTargetPlatform' loaded TargetPlatform 'Android_ETC1aClient'
[2021.08.03-18.01.57:876][  0]LogTemp: Display: Module 'AndroidTargetPlatform' loaded TargetPlatform 'Android_ETC2Client'
[2021.08.03-18.01.57:876][  0]LogTemp: Display: Module 'AndroidTargetPlatform' loaded TargetPlatform 'Android_PVRTCClient'
[2021.08.03-18.01.57:876][  0]LogTemp: Display: Module 'AndroidTargetPlatform' loaded TargetPlatform 'Android_Multi'
[2021.08.03-18.01.57:876][  0]LogTemp: Display: Module 'AndroidTargetPlatform' loaded TargetPlatform 'Android_MultiClient'
[2021.08.03-18.01.57:879][  0]LogTemp: Display: Module 'HTML5TargetPlatform' loaded TargetPlatform 'HTML5'
[2021.08.03-18.01.57:914][  0]LogTemp: Display: Module 'IOSTargetPlatform' loaded TargetPlatform 'IOSClient'
[2021.08.03-18.01.57:914][  0]LogTemp: Display: Module 'IOSTargetPlatform' loaded TargetPlatform 'IOS'
[2021.08.03-18.01.57:943][  0]LogTemp: Display: Module 'TVOSTargetPlatform' loaded TargetPlatform 'TVOSClient'
[2021.08.03-18.01.57:943][  0]LogTemp: Display: Module 'TVOSTargetPlatform' loaded TargetPlatform 'TVOS'
[2021.08.03-18.01.57:957][  0]LogTemp: Display: Module 'LinuxClientTargetPlatform' loaded TargetPlatform 'LinuxClient'
[2021.08.03-18.01.57:971][  0]LogTemp: Display: Module 'LinuxNoEditorTargetPlatform' loaded TargetPlatform 'LinuxNoEditor'
[2021.08.03-18.01.57:983][  0]LogTemp: Display: Module 'LinuxServerTargetPlatform' loaded TargetPlatform 'LinuxServer'
[2021.08.03-18.01.57:998][  0]LogTemp: Display: Module 'LinuxTargetPlatform' loaded TargetPlatform 'Linux'
[2021.08.03-18.01.58:044][  0]LogTemp: Display: Module 'LuminTargetPlatform' loaded TargetPlatform 'Lumin'
[2021.08.03-18.01.58:044][  0]LogTemp: Display: Module 'LuminTargetPlatform' loaded TargetPlatform 'LuminClient'
[2021.08.03-18.01.58:044][  0]LogTargetPlatformManager: Display: Building Assets For Windows
[2021.08.03-18.01.58:058][  0]LogAudioDebug: Display: Lib vorbis DLL was dynamically loaded.
[2021.08.03-18.01.58:133][  0]LogShaderCompilers: Guid format shader working directory is -32 characters bigger than the processId version (../../../../../../Users/huiwa/OneDrive/Documents/Unreal Projects/Final_Project/Intermediate/Shaders/WorkingDirectory/8668/).
[2021.08.03-18.01.58:133][  0]LogShaderCompilers: Cleaned the shader compiler working directory 'C:/Users/huiwa/AppData/Local/Temp/UnrealShaderWorkingDir/82F808C44028B0B3F266979C07277A3E/'.
[2021.08.03-18.01.58:136][  0]LogXGEController: Cannot use XGE Controller as Incredibuild is not installed on this machine.
[2021.08.03-18.01.58:136][  0]LogShaderCompilers: Cannot use XGE Shader Compiler as Incredibuild is not installed on this machine.
[2021.08.03-18.01.58:136][  0]LogShaderCompilers: Display: Using Local Shader Compiler.
[2021.08.03-18.01.59:182][  0]LogDerivedDataCache: Display: Max Cache Size: 512 MB
[2021.08.03-18.01.59:240][  0]LogDerivedDataCache: Loaded boot cache 0.06s 73MB C:/Users/huiwa/AppData/Local/UnrealEngine/4.23/DerivedDataCache/Boot.ddc.
[2021.08.03-18.01.59:240][  0]LogDerivedDataCache: Display: Loaded Boot cache: C:/Users/huiwa/AppData/Local/UnrealEngine/4.23/DerivedDataCache/Boot.ddc
[2021.08.03-18.01.59:241][  0]LogDerivedDataCache: FDerivedDataBackendGraph:  Pak pak cache file ../../../../../../Users/huiwa/OneDrive/Documents/Unreal Projects/Final_Project/DerivedDataCache/DDC.ddp not found, will not use a pak cache.
[2021.08.03-18.01.59:241][  0]LogDerivedDataCache: Unable to find inner node Pak for hierarchical cache Hierarchy.
[2021.08.03-18.01.59:241][  0]LogDerivedDataCache: FDerivedDataBackendGraph:  CompressedPak pak cache file ../../../../../../Users/huiwa/OneDrive/Documents/Unreal Projects/Final_Project/DerivedDataCache/Compressed.ddp not found, will not use a pak cache.
[2021.08.03-18.01.59:241][  0]LogDerivedDataCache: Unable to find inner node CompressedPak for hierarchical cache Hierarchy.
[2021.08.03-18.01.59:262][  0]LogDerivedDataCache: Display: Pak cache opened for reading ../../../Engine/DerivedDataCache/Compressed.ddp.
[2021.08.03-18.01.59:262][  0]LogDerivedDataCache: FDerivedDataBackendGraph:  EnterprisePak pak cache file ../../../Enterprise/DerivedDataCache/Compressed.ddp not found, will not use a pak cache.
[2021.08.03-18.01.59:262][  0]LogDerivedDataCache: Unable to find inner node EnterprisePak for hierarchical cache Hierarchy.
[2021.08.03-18.01.59:264][  0]LogDerivedDataCache: Using Local data cache path C:/Users/huiwa/AppData/Local/UnrealEngine/Common/DerivedDataCache: Writable
[2021.08.03-18.01.59:264][  0]LogDerivedDataCache: Shared data cache path not found in *engine.ini, will not use an Shared cache.
[2021.08.03-18.01.59:264][  0]LogDerivedDataCache: Unable to find inner node Shared for hierarchical cache Hierarchy.
[2021.08.03-18.01.59:294][  0]LogMaterial: Verifying Global Shaders for PCD3D_SM5
[2021.08.03-18.01.59:298][  0]LogSlate: Using FreeType 2.6.0
[2021.08.03-18.01.59:300][  0]LogSlate: SlateFontServices - WITH_FREETYPE: 1, WITH_HARFBUZZ: 1
[2021.08.03-18.01.59:377][  0]LogAssetRegistry: FAssetRegistry took 0.0036 seconds to start up
[2021.08.03-18.01.59:804][  0]LogInit: Selected Device Profile: [Windows]
[2021.08.03-18.02.00:042][  0]LogMeshReduction: Using QuadricMeshReduction for automatic static mesh reduction
[2021.08.03-18.02.00:043][  0]LogMeshReduction: Using SimplygonMeshReduction for automatic skeletal mesh reduction
[2021.08.03-18.02.00:043][  0]LogMeshReduction: Using ProxyLODMeshReduction for automatic mesh merging
[2021.08.03-18.02.00:043][  0]LogMeshReduction: No distributed automatic mesh merging module available
[2021.08.03-18.02.00:043][  0]LogMeshMerging: No distributed automatic mesh merging module available
[2021.08.03-18.02.00:055][  0]LogNetVersion: Final_Project 1.0.0, NetCL: 8386587, EngineNetVer: 11, GameNetVer: 0 (Checksum: 2744521800)
[2021.08.03-18.02.00:727][  0]LogPackageLocalizationCache: Processed 12 localized package path(s) for 1 prioritized culture(s) in 0.087158 seconds
[2021.08.03-18.02.00:742][  0]LogUObjectArray: 43444 objects as part of root set at end of initial load.
[2021.08.03-18.02.00:742][  0]LogUObjectAllocator: 7548648 out of 0 bytes used by permanent object pool.
[2021.08.03-18.02.00:742][  0]LogUObjectArray: CloseDisregardForGC: 0/0 objects in disregard for GC pool
[2021.08.03-18.02.02:211][  0]LogTcpMessaging: Initializing TcpMessaging bridge
[2021.08.03-18.02.02:217][  0]LogUdpMessaging: Initializing bridge on interface 0.0.0.0:0 to multicast group 230.0.0.1:6666.
[2021.08.03-18.02.02:300][  0]SourceControl: Source control is disabled
[2021.08.03-18.02.02:300][  0]SourceControl: Source control is disabled
[2021.08.03-18.02.02:303][  0]SourceControl: Source control is disabled
[2021.08.03-18.02.02:304][  0]SourceControl: Source control is disabled
[2021.08.03-18.02.02:457][  0]LogAndroidPermission: UAndroidPermissionCallbackProxy::GetInstance
[2021.08.03-18.02.02:797][  0]LogOcInput: OculusInput pre-init called
[2021.08.03-18.02.02:811][  0]LogWindows: Failed to load 'OVRPlugin.dll' (GetLastError=126)
[2021.08.03-18.02.02:811][  0]LogWindows: File 'OVRPlugin.dll' does not exist
[2021.08.03-18.02.02:942][  0]LogEngine: Initializing Engine...
[2021.08.03-18.02.02:943][  0]LogHMD: Failed to initialize OpenVR with code 110
[2021.08.03-18.02.02:945][  0]LogStats: UGameplayTagsManager::InitializeManager -  0.000 s
[2021.08.03-18.02.03:333][  0]LogInit: Initializing FReadOnlyCVARCache
[2021.08.03-18.02.03:361][  0]LogAIModule: Creating AISystem for world Untitled
[2021.08.03-18.02.03:391][  0]LogInit: XAudio2 using 'R240HY (Intel(R) Display Audio)' : 2 channels at 48 kHz using 16 bits per sample (channel mask 0x3)
[2021.08.03-18.02.03:571][  0]LogInit: FAudioDevice initialized.
[2021.08.03-18.02.03:571][  0]LogNetVersion: Set ProjectVersion to 1.0.0.0. Version Checksum will be recalculated on next use.
[2021.08.03-18.02.03:646][  0]LogDerivedDataCache: Saved boot cache 0.07s 73MB C:/Users/huiwa/AppData/Local/UnrealEngine/4.23/DerivedDataCache/Boot.ddc.
[2021.08.03-18.02.03:651][  0]LogInit: Texture streaming: Enabled
[2021.08.03-18.02.03:675][  0]LogEngineSessionManager: EngineSessionManager initialized
[2021.08.03-18.02.03:675][  0]LogEditorSessionSummary: Verbose: Initializing EditorSessionSummaryWriter for editor session tracking
[2021.08.03-18.02.03:676][  0]LogEditorSessionSummary: EditorSessionSummaryWriter initialized
[2021.08.03-18.02.03:745][  0]LogInit: Transaction tracking system initialized
[2021.08.03-18.02.03:787][  0]BlueprintLog: New page: Editor Load
[2021.08.03-18.02.03:892][  0]LocalizationService: Localization service is disabled
[2021.08.03-18.02.05:134][  0]LogFileCache: Scanning file cache for directory 'C:/Users/huiwa/OneDrive/Documents/Unreal Projects/Final_Project/Content/' took 0.01s
[2021.08.03-18.02.05:134][  0]LogCook: Display: Max memory allowance for cook 16384mb min free memory 0mb
[2021.08.03-18.02.05:134][  0]LogCook: Display: Mobile HDR setting 1
[2021.08.03-18.02.05:393][  0]SourceControl: Source control is disabled
[2021.08.03-18.02.05:393][  0]Cmd: MAP LOAD FILE="../../../../../../Users/huiwa/OneDrive/Documents/Unreal Projects/Final_Project/Content/FirstPersonBP/Maps/FirstPersonExampleMap.umap" TEMPLATE=0 SHOWPROGRESS=1 FEATURELEVEL=3
[2021.08.03-18.02.05:402][  0]LightingResults: New page: Lighting Build
[2021.08.03-18.02.05:405][  0]LogWorld: UWorld::CleanupWorld for Untitled, bSessionEnded=true, bCleanupResources=true
[2021.08.03-18.02.05:405][  0]MapCheck: New page: Map Check
[2021.08.03-18.02.05:405][  0]LightingResults: New page: Lighting Build
[2021.08.03-18.02.05:448][  0]LogUObjectHash: Compacting FUObjectHashTables data took   2.21ms
[2021.08.03-18.02.06:543][  0]LogAIModule: Creating AISystem for world FirstPersonExampleMap
[2021.08.03-18.02.06:577][  0]LogEditorServer: Finished looking for orphan Actors (0.000 secs)
[2021.08.03-18.02.06:647][  0]LogUObjectHash: Compacting FUObjectHashTables data took   5.21ms
[2021.08.03-18.02.06:648][  0]Cmd: MAP CHECKDEP NOCLEARLOG
[2021.08.03-18.02.06:648][  0]MapCheck: Map check complete: 0 Error(s), 0 Warning(s), took 0.495ms to complete.
[2021.08.03-18.02.06:649][  0]LogFileHelpers: Loading map 'FirstPersonExampleMap' took 1.255
[2021.08.03-18.02.06:830][  0]LogSlate: Updating window title bar state: overlay mode, drag disabled, window buttons hidden, title bar hidden
[2021.08.03-18.02.06:843][  0]LogSlate: Updating window title bar state: overlay mode, drag disabled, window buttons hidden, title bar hidden
[2021.08.03-18.02.06:854][  0]LogSlate: Updating window title bar state: overlay mode, drag disabled, window buttons hidden, title bar hidden
[2021.08.03-18.02.06:865][  0]LogSlate: Updating window title bar state: overlay mode, drag disabled, window buttons hidden, title bar hidden
[2021.08.03-18.02.06:892][  0]LogCollectionManager: Loaded 0 collections in 0.002477 seconds
[2021.08.03-18.02.06:920][  0]LogFileCache: Scanning file cache for directory 'C:/Users/huiwa/OneDrive/Documents/Unreal Projects/Final_Project/Saved/Collections/' took 0.00s
[2021.08.03-18.02.06:920][  0]LogFileCache: Scanning file cache for directory 'C:/Users/huiwa/OneDrive/Documents/Unreal Projects/Final_Project/Content/Developers/huiwa/Collections/' took 0.00s
[2021.08.03-18.02.06:921][  0]LogFileCache: Scanning file cache for directory 'C:/Users/huiwa/OneDrive/Documents/Unreal Projects/Final_Project/Content/Collections/' took 0.00s
[2021.08.03-18.02.06:921][  0]LogCollectionManager: Rebuilt the GUID cache for 0 collections in 0.000004 seconds
[2021.08.03-18.02.06:939][  0]LogContentBrowser: Native class hierarchy populated in 0.0169 seconds. Added 2863 classes and 680 folders.
[2021.08.03-18.02.06:957][  0]LogContentBrowser: Native class hierarchy updated for 'WidgetCarousel' in 0.0005 seconds. Added 0 classes and 0 folders.
[2021.08.03-18.02.07:643][  0]LogContentBrowser: Native class hierarchy updated for 'AddContentDialog' in 0.0004 seconds. Added 0 classes and 0 folders.
[2021.08.03-18.02.07:666][  0]LogContentBrowser: Native class hierarchy updated for 'SceneOutliner' in 0.0005 seconds. Added 1 classes and 2 folders.
[2021.08.03-18.02.07:912][  0]LogSlate: Took 0.000265 seconds to synchronously load lazily loaded font '../../../Engine/Content/Slate/Fonts/Roboto-Regular.ttf' (155K)
[2021.08.03-18.02.07:916][  0]LogSlate: Took 0.000316 seconds to synchronously load lazily loaded font '../../../Engine/Content/Slate/Fonts/Roboto-Bold.ttf' (160K)
[2021.08.03-18.02.07:938][  0]LogSlate: Took 0.010086 seconds to synchronously load lazily loaded font '../../../Engine/Content/Editor/Slate/Fonts/FontAwesome.ttf' (139K)
[2021.08.03-18.02.08:225][  0]LogRenderer: Reallocating scene render targets to support 1160x580 Format 9 NumSamples 1 (Frame:1).
[2021.08.03-18.02.11:858][  0]LogContentBrowser: Native class hierarchy updated for 'HierarchicalLODOutliner' in 0.0005 seconds. Added 0 classes and 0 folders.
[2021.08.03-18.02.11:859][  0]LogLoad: (Engine Initialization) Total time: 17.54 seconds
[2021.08.03-18.02.11:859][  0]LogLoad: (Engine Initialization) Total Blueprint compile time: 0.00 seconds
[2021.08.03-18.02.11:943][  0]LogContentStreaming: Texture pool size now 600 MB
[2021.08.03-18.02.13:136][  4]LogSlate: Took 0.012831 seconds to synchronously load lazily loaded font '../../../Engine/Content/Slate/Fonts/Roboto-Light.ttf' (167K)
[2021.08.03-18.02.14:002][ 16]LogAssetRegistry: Asset discovery search completed in 14.6258 seconds
[2021.08.03-18.02.14:014][ 16]LogCollectionManager: Rebuilt the object cache for 0 collections in 0.000013 seconds (found 0 objects)
[2021.08.03-18.02.14:014][ 16]LogCollectionManager: Fixed up redirectors for 0 collections in 0.000173 seconds (updated 0 objects)
[2021.08.03-18.02.15:994][ 22]LogSlate: Took 0.000145 seconds to synchronously load lazily loaded font '../../../Engine/Content/Slate/Fonts/Roboto-Light.ttf' (167K)
[2021.08.03-18.02.23:684][ 57]LogSlate: FSceneViewport::OnFocusLost() reason 0
[2021.08.03-18.02.27:002][132]LogAIModule: Creating AISystem for world MainMenuLevel
[2021.08.03-18.02.27:009][132]LogAssetEditorManager: Opening Asset editor for World /Game/Hui/MainMenuLevel.MainMenuLevel
[2021.08.03-18.02.27:079][132]LogUObjectHash: Compacting FUObjectHashTables data took   4.93ms
[2021.08.03-18.02.27:083][132]Cmd: MAP LOAD FILE="../../../../../../Users/huiwa/OneDrive/Documents/Unreal Projects/Final_Project/Content/Hui/MainMenuLevel.umap" TEMPLATE=0 SHOWPROGRESS=1 FEATURELEVEL=3
[2021.08.03-18.02.27:083][132]LightingResults: New page: Lighting Build
[2021.08.03-18.02.27:084][132]LoadErrors: New page: Loading map: MainMenuLevel.umap
[2021.08.03-18.02.27:086][132]LogWorld: UWorld::CleanupWorld for FirstPersonExampleMap, bSessionEnded=true, bCleanupResources=true
[2021.08.03-18.02.27:087][132]MapCheck: New page: Map Check
[2021.08.03-18.02.27:087][132]LightingResults: New page: Lighting Build
[2021.08.03-18.02.27:154][132]LogUObjectHash: Compacting FUObjectHashTables data took   3.74ms
[2021.08.03-18.02.27:298][132]LogEditorServer: Finished looking for orphan Actors (0.000 secs)
[2021.08.03-18.02.27:357][132]LogUObjectHash: Compacting FUObjectHashTables data took   2.38ms
[2021.08.03-18.02.27:400][132]Cmd: MAP CHECKDEP NOCLEARLOG
[2021.08.03-18.02.27:401][132]MapCheck: Map check complete: 0 Error(s), 0 Warning(s), took 0.244ms to complete.
[2021.08.03-18.02.27:401][132]LogFileHelpers: Loading map 'MainMenuLevel' took 0.321
[2021.08.03-18.02.33:157][275]LogAssetEditorManager: Opening Asset editor for Blueprint /Game/Hui/BP_Characters.BP_Characters
[2021.08.03-18.02.33:674][275]LogContentBrowser: Native class hierarchy updated for 'BlueprintGraph' in 0.0008 seconds. Added 121 classes and 0 folders.
[2021.08.03-18.02.35:171][275]LogAssetEditorManager: Opening Asset editor for Blueprint /Game/Hui/BP_SpawnZombies.BP_SpawnZombies
[2021.08.03-18.02.35:683][275]LogAssetEditorManager: Opening Asset editor for Blueprint /Game/Hui/BP_SpawnCivilians.BP_SpawnCivilians
[2021.08.03-18.02.36:447][275]LogAssetEditorManager: Opening Asset editor for Blueprint /Game/Hui/BP_Easy.BP_Easy
[2021.08.03-18.02.36:891][275]LogAssetEditorManager: Opening Asset editor for Blueprint /Game/Hui/BP_Civilians.BP_Civilians
[2021.08.03-18.02.37:334][275]LogAssetEditorManager: Opening Asset editor for Blueprint /Game/Hui/BP_Zombies.BP_Zombies
[2021.08.03-18.02.37:815][275]LogAssetEditorManager: Opening Asset editor for Blueprint /Game/Hui/BP_Hard.BP_Hard
[2021.08.03-18.02.38:327][275]LogAssetEditorManager: Opening Asset editor for Blueprint /Game/Hui/BP_Medium.BP_Medium
[2021.08.03-18.02.38:816][275]LogAssetEditorManager: Opening Asset editor for Blueprint /Game/Hui/BP_Bunker.BP_Bunker
[2021.08.03-18.02.39:728][275]LogSlate: Took 0.015387 seconds to synchronously load lazily loaded font '../../../Engine/Content/Slate/Fonts/Roboto-BoldCondensed.ttf' (158K)
[2021.08.03-18.02.41:249][276]LogSlate: Took 0.024367 seconds to synchronously load lazily loaded font '../../../Engine/Content/Slate/Fonts/Roboto-Italic.ttf' (157K)
[2021.08.03-18.02.47:857][444]LogSlate: Window 'BP_SpawnZombies' being destroyed
[2021.08.03-18.10.16:188][911]LogUObjectHash: Compacting FUObjectHashTables data took  32.47ms
[2021.08.03-18.10.16:562][911]LogWorld: UWorld::CleanupWorld for World_0, bSessionEnded=true, bCleanupResources=true
[2021.08.03-18.10.16:962][911]LogActorComponent: UnregisterComponent: (/Engine/Transient.EditorFloorComp) Not registered. Aborting.
[2021.08.03-18.10.16:963][911]LogWorld: UWorld::CleanupWorld for World_1, bSessionEnded=true, bCleanupResources=true
[2021.08.03-18.10.17:257][911]LogActorComponent: UnregisterComponent: (/Engine/Transient.EditorFloorComp) Not registered. Aborting.
[2021.08.03-18.10.17:257][911]LogWorld: UWorld::CleanupWorld for World_2, bSessionEnded=true, bCleanupResources=true
[2021.08.03-18.10.17:492][911]LogActorComponent: UnregisterComponent: (/Engine/Transient.EditorFloorComp) Not registered. Aborting.
[2021.08.03-18.10.17:492][911]LogWorld: UWorld::CleanupWorld for World_3, bSessionEnded=true, bCleanupResources=true
[2021.08.03-18.10.17:734][911]LogActorComponent: UnregisterComponent: (/Engine/Transient.EditorFloorComp) Not registered. Aborting.
[2021.08.03-18.10.17:735][911]LogWorld: UWorld::CleanupWorld for World_4, bSessionEnded=true, bCleanupResources=true
[2021.08.03-18.10.18:031][911]LogActorComponent: UnregisterComponent: (/Engine/Transient.EditorFloorComp) Not registered. Aborting.
[2021.08.03-18.10.18:032][911]LogWorld: UWorld::CleanupWorld for World_5, bSessionEnded=true, bCleanupResources=true
[2021.08.03-18.10.18:610][911]LogActorComponent: UnregisterComponent: (/Engine/Transient.EditorFloorComp) Not registered. Aborting.
[2021.08.03-18.10.18:610][911]LogWorld: UWorld::CleanupWorld for World_6, bSessionEnded=true, bCleanupResources=true
[2021.08.03-18.10.20:214][911]LogActorComponent: UnregisterComponent: (/Engine/Transient.EditorFloorComp) Not registered. Aborting.
[2021.08.03-18.10.20:214][911]LogWorld: UWorld::CleanupWorld for World_7, bSessionEnded=true, bCleanupResources=true
[2021.08.03-18.10.20:692][911]LogActorComponent: UnregisterComponent: (/Engine/Transient.EditorFloorComp) Not registered. Aborting.
[2021.08.03-18.10.20:693][911]LogWorld: UWorld::CleanupWorld for World_8, bSessionEnded=true, bCleanupResources=true
[2021.08.03-18.10.20:954][911]LogSlate: Window 'Final_Project - Unreal Editor' being destroyed
[2021.08.03-18.10.20:976][911]LogWindowsTextInputMethodSystem: Display: IME system now deactivated.
[2021.08.03-18.10.22:028][912]Cmd: QUIT_EDITOR
[2021.08.03-18.10.22:379][912]LogExit: Preparing to exit.
[2021.08.03-18.10.22:907][912]LogActorComponent: UnregisterComponent: (None.None) Not registered. Aborting.
[2021.08.03-18.10.22:907][912]LogActorComponent: UnregisterComponent: (None.None) Not registered. Aborting.
[2021.08.03-18.10.22:907][912]LogActorComponent: UnregisterComponent: (None.None) Not registered. Aborting.
[2021.08.03-18.10.22:907][912]LogActorComponent: UnregisterComponent: (None.None) Not registered. Aborting.
[2021.08.03-18.10.22:908][912]LogActorComponent: UnregisterComponent: (None.None) Not registered. Aborting.
[2021.08.03-18.10.22:908][912]LogActorComponent: UnregisterComponent: (None.None) Not registered. Aborting.
[2021.08.03-18.10.22:908][912]LogActorComponent: UnregisterComponent: (None.None) Not registered. Aborting.
[2021.08.03-18.10.22:908][912]LogWorld: UWorld::CleanupWorld for None, bSessionEnded=true, bCleanupResources=true
[2021.08.03-18.10.22:909][912]LogActorComponent: UnregisterComponent: (None.None) Not registered. Aborting.
[2021.08.03-18.10.22:909][912]LogActorComponent: UnregisterComponent: (None.None) Not registered. Aborting.
[2021.08.03-18.10.22:909][912]LogActorComponent: UnregisterComponent: (None.None) Not registered. Aborting.
[2021.08.03-18.10.22:909][912]LogActorComponent: UnregisterComponent: (None.None) Not registered. Aborting.
[2021.08.03-18.10.22:909][912]LogActorComponent: UnregisterComponent: (None.None) Not registered. Aborting.
[2021.08.03-18.10.22:909][912]LogActorComponent: UnregisterComponent: (None.None) Not registered. Aborting.
[2021.08.03-18.10.22:909][912]LogActorComponent: UnregisterComponent: (None.None) Not registered. Aborting.
[2021.08.03-18.10.22:909][912]LogWorld: UWorld::CleanupWorld for None, bSessionEnded=true, bCleanupResources=true
[2021.08.03-18.10.22:910][912]LogActorComponent: UnregisterComponent: (None.None) Not registered. Aborting.
[2021.08.03-18.10.22:910][912]LogActorComponent: UnregisterComponent: (None.None) Not registered. Aborting.
[2021.08.03-18.10.22:910][912]LogActorComponent: UnregisterComponent: (None.None) Not registered. Aborting.
[2021.08.03-18.10.22:910][912]LogActorComponent: UnregisterComponent: (None.None) Not registered. Aborting.
[2021.08.03-18.10.22:910][912]LogActorComponent: UnregisterComponent: (None.None) Not registered. Aborting.
[2021.08.03-18.10.22:910][912]LogActorComponent: UnregisterComponent: (None.None) Not registered. Aborting.
[2021.08.03-18.10.22:910][912]LogActorComponent: UnregisterComponent: (None.None) Not registered. Aborting.
[2021.08.03-18.10.22:910][912]LogWorld: UWorld::CleanupWorld for None, bSessionEnded=true, bCleanupResources=true
[2021.08.03-18.10.22:911][912]LogActorComponent: UnregisterComponent: (None.None) Not registered. Aborting.
[2021.08.03-18.10.22:911][912]LogActorComponent: UnregisterComponent: (None.None) Not registered. Aborting.
[2021.08.03-18.10.22:911][912]LogActorComponent: UnregisterComponent: (None.None) Not registered. Aborting.
[2021.08.03-18.10.22:911][912]LogActorComponent: UnregisterComponent: (None.None) Not registered. Aborting.
[2021.08.03-18.10.22:911][912]LogActorComponent: UnregisterComponent: (None.None) Not registered. Aborting.
[2021.08.03-18.10.22:911][912]LogActorComponent: UnregisterComponent: (None.None) Not registered. Aborting.
[2021.08.03-18.10.22:911][912]LogActorComponent: UnregisterComponent: (None.None) Not registered. Aborting.
[2021.08.03-18.10.22:911][912]LogWorld: UWorld::CleanupWorld for None, bSessionEnded=true, bCleanupResources=true
[2021.08.03-18.10.22:912][912]LogActorComponent: UnregisterComponent: (None.None) Not registered. Aborting.
[2021.08.03-18.10.22:912][912]LogActorComponent: UnregisterComponent: (None.None) Not registered. Aborting.
[2021.08.03-18.10.22:912][912]LogActorComponent: UnregisterComponent: (None.None) Not registered. Aborting.
[2021.08.03-18.10.22:912][912]LogActorComponent: UnregisterComponent: (None.None) Not registered. Aborting.
[2021.08.03-18.10.22:912][912]LogActorComponent: UnregisterComponent: (None.None) Not registered. Aborting.
[2021.08.03-18.10.22:912][912]LogActorComponent: UnregisterComponent: (None.None) Not registered. Aborting.
[2021.08.03-18.10.22:912][912]LogActorComponent: UnregisterComponent: (None.None) Not registered. Aborting.
[2021.08.03-18.10.22:912][912]LogWorld: UWorld::CleanupWorld for None, bSessionEnded=true, bCleanupResources=true
[2021.08.03-18.10.22:913][912]LogActorComponent: UnregisterComponent: (None.None) Not registered. Aborting.
[2021.08.03-18.10.22:913][912]LogActorComponent: UnregisterComponent: (None.None) Not registered. Aborting.
[2021.08.03-18.10.22:913][912]LogActorComponent: UnregisterComponent: (None.None) Not registered. Aborting.
[2021.08.03-18.10.22:913][912]LogActorComponent: UnregisterComponent: (None.None) Not registered. Aborting.
[2021.08.03-18.10.22:913][912]LogActorComponent: UnregisterComponent: (None.None) Not registered. Aborting.
[2021.08.03-18.10.22:913][912]LogActorComponent: UnregisterComponent: (None.None) Not registered. Aborting.
[2021.08.03-18.10.22:913][912]LogActorComponent: UnregisterComponent: (None.None) Not registered. Aborting.
[2021.08.03-18.10.22:913][912]LogWorld: UWorld::CleanupWorld for None, bSessionEnded=true, bCleanupResources=true
[2021.08.03-18.10.22:914][912]LogActorComponent: UnregisterComponent: (None.None) Not registered. Aborting.
[2021.08.03-18.10.22:914][912]LogActorComponent: UnregisterComponent: (None.None) Not registered. Aborting.
[2021.08.03-18.10.22:914][912]LogActorComponent: UnregisterComponent: (None.None) Not registered. Aborting.
[2021.08.03-18.10.22:914][912]LogActorComponent: UnregisterComponent: (None.None) Not registered. Aborting.
[2021.08.03-18.10.22:914][912]LogActorComponent: UnregisterComponent: (None.None) Not registered. Aborting.
[2021.08.03-18.10.22:914][912]LogActorComponent: UnregisterComponent: (None.None) Not registered. Aborting.
[2021.08.03-18.10.22:914][912]LogActorComponent: UnregisterComponent: (None.None) Not registered. Aborting.
[2021.08.03-18.10.22:914][912]LogWorld: UWorld::CleanupWorld for None, bSessionEnded=true, bCleanupResources=true
[2021.08.03-18.10.23:096][912]LogDemo: Cleaned up 0 splitscreen connections with owner deletion
[2021.08.03-18.10.23:283][912]LogWorld: UWorld::CleanupWorld for None, bSessionEnded=true, bCleanupResources=true
[2021.08.03-18.10.23:287][912]LogExit: Editor shut down
[2021.08.03-18.10.23:291][912]LogExit: Transaction tracking system shut down
[2021.08.03-18.10.25:083][912]LogExit: Object subsystem successfully closed.
[2021.08.03-18.10.25:235][912]LogShaderCompilers: Display: Shaders left to compile 0
[2021.08.03-18.10.25:562][912]LogModuleManager: Shutting down and abandoning module BlueprintGraph (670)
[2021.08.03-18.10.25:562][912]LogModuleManager: Shutting down and abandoning module HierarchicalLODOutliner (668)
[2021.08.03-18.10.25:562][912]LogModuleManager: Shutting down and abandoning module SceneOutliner (666)
[2021.08.03-18.10.25:563][912]LogModuleManager: Shutting down and abandoning module AddContentDialog (664)
[2021.08.03-18.10.25:573][912]LogModuleManager: Shutting down and abandoning module WidgetCarousel (663)
[2021.08.03-18.10.25:573][912]LogModuleManager: Shutting down and abandoning module EditorWidgets (660)
[2021.08.03-18.10.25:573][912]LogModuleManager: Shutting down and abandoning module CollectionManager (658)
[2021.08.03-18.10.25:575][912]LogModuleManager: Shutting down and abandoning module StatsViewer (656)
[2021.08.03-18.10.25:577][912]LogModuleManager: Shutting down and abandoning module VirtualTexturingEditor (654)
[2021.08.03-18.10.25:577][912]LogModuleManager: Shutting down and abandoning module FoliageEdit (652)
[2021.08.03-18.10.25:578][912]LogModuleManager: Shutting down and abandoning module LandscapeEditor (650)
[2021.08.03-18.10.25:584][912]LogModuleManager: Shutting down and abandoning module MeshPaintMode (648)
[2021.08.03-18.10.25:584][912]LogModuleManager: Shutting down and abandoning module SceneDepthPickerMode (646)
[2021.08.03-18.10.25:584][912]LogModuleManager: Shutting down and abandoning module ActorPickerMode (644)
[2021.08.03-18.10.25:584][912]LogModuleManager: Shutting down and abandoning module GeometryMode (642)
[2021.08.03-18.10.25:584][912]LogModuleManager: Shutting down and abandoning module TextureAlignMode (640)
[2021.08.03-18.10.25:584][912]LogModuleManager: Shutting down and abandoning module BspMode (638)
[2021.08.03-18.10.25:584][912]LogModuleManager: Shutting down and abandoning module PIEPreviewDeviceProfileSelector (636)
[2021.08.03-18.10.25:586][912]LogModuleManager: Shutting down and abandoning module SequenceRecorderSections (634)
[2021.08.03-18.10.25:587][912]LogModuleManager: Shutting down and abandoning module AutomationWorker (632)
[2021.08.03-18.10.25:589][912]LogModuleManager: Shutting down and abandoning module OculusMR (630)
[2021.08.03-18.10.25:589][912]LogModuleManager: Shutting down and abandoning module AudioCaptureEditor (628)
[2021.08.03-18.10.25:589][912]LogModuleManager: Shutting down and abandoning module MatineeToLevelSequence (626)
[2021.08.03-18.10.25:591][912]LogModuleManager: Shutting down and abandoning module LevelSequenceEditor (624)
[2021.08.03-18.10.25:600][912]LogModuleManager: Shutting down and abandoning module PlacementMode (623)
[2021.08.03-18.10.25:600][912]LogModuleManager: Shutting down and abandoning module MaterialEditor (622)
[2021.08.03-18.10.25:605][912]LogModuleManager: Shutting down and abandoning module ActorSequenceEditor (618)
[2021.08.03-18.10.25:607][912]LogModuleManager: Shutting down and abandoning module WmfMediaFactory (616)
[2021.08.03-18.10.25:607][912]LogModuleManager: Shutting down and abandoning module WmfMediaEditor (614)
[2021.08.03-18.10.25:607][912]LogModuleManager: Shutting down and abandoning module WebMMediaFactory (612)
[2021.08.03-18.10.25:607][912]LogModuleManager: Shutting down and abandoning module WebMMediaEditor (610)
[2021.08.03-18.10.25:608][912]LogModuleManager: Shutting down and abandoning module WebMMedia (608)
[2021.08.03-18.10.25:608][912]LogModuleManager: Shutting down and abandoning module MediaPlayerEditor (606)
[2021.08.03-18.10.25:613][912]LogModuleManager: Shutting down and abandoning module MediaCompositingEditor (604)
[2021.08.03-18.10.25:619][912]LogModuleManager: Shutting down and abandoning module SequenceRecorder (603)
[2021.08.03-18.10.25:619][912]LogModuleManager: Shutting down and abandoning module OpenExrWrapper (600)
[2021.08.03-18.10.25:619][912]LogModuleManager: Shutting down and abandoning module ImgMediaFactory (598)
[2021.08.03-18.10.25:620][912]LogModuleManager: Shutting down and abandoning module ImgMediaEditor (596)
[2021.08.03-18.10.25:620][912]LogModuleManager: Shutting down and abandoning module AvfMediaFactory (594)
[2021.08.03-18.10.25:620][912]LogModuleManager: Shutting down and abandoning module AvfMediaEditor (592)
[2021.08.03-18.10.25:620][912]LogModuleManager: Shutting down and abandoning module AndroidMediaFactory (590)
[2021.08.03-18.10.25:620][912]LogModuleManager: Shutting down and abandoning module AndroidMediaEditor (588)
[2021.08.03-18.10.25:620][912]LogModuleManager: Shutting down and abandoning module MagicLeapCameraPreviewFactory (586)
[2021.08.03-18.10.25:620][912]LogModuleManager: Shutting down and abandoning module MagicLeapMediaCodecFactory (584)
[2021.08.03-18.10.25:620][912]LogModuleManager: Shutting down and abandoning module MagicLeapMediaFactory (582)
[2021.08.03-18.10.25:620][912]LogModuleManager: Shutting down and abandoning module MagicLeapMediaEditor (580)
[2021.08.03-18.10.25:620][912]LogModuleManager: Shutting down and abandoning module CharacterAI (578)
[2021.08.03-18.10.25:620][912]LogModuleManager: Shutting down and abandoning module SmartSnapping (576)
[2021.08.03-18.10.25:620][912]LogModuleManager: Shutting down and abandoning module SessionServices (574)
[2021.08.03-18.10.25:620][912]LogModuleManager: Shutting down and abandoning module MeshPaint (572)
[2021.08.03-18.10.25:622][912]LogModuleManager: Shutting down and abandoning module ViewportSnapping (570)
[2021.08.03-18.10.25:622][912]LogModuleManager: Shutting down and abandoning module ViewportInteraction (568)
[2021.08.03-18.10.25:622][912]LogModuleManager: Shutting down and abandoning module ClothPainter (566)
[2021.08.03-18.10.25:625][912]LogModuleManager: Shutting down and abandoning module SkeletalMeshEditor (565)
[2021.08.03-18.10.25:637][912]LogModuleManager: Shutting down and abandoning module LogVisualizer (562)
[2021.08.03-18.10.25:643][912]LogModuleManager: Shutting down and abandoning module IntroTutorials (560)
[2021.08.03-18.10.25:643][912]LogModuleManager: Shutting down and abandoning module GameProjectGeneration (559)
[2021.08.03-18.10.25:645][912]LogModuleManager: Shutting down and abandoning module LuminPlatformEditor (556)
[2021.08.03-18.10.25:645][912]LogModuleManager: Shutting down and abandoning module IOSPlatformEditor (554)
[2021.08.03-18.10.25:646][912]LogModuleManager: Shutting down and abandoning module HTML5PlatformEditor (552)
[2021.08.03-18.10.25:646][912]LogModuleManager: Shutting down and abandoning module AndroidPlatformEditor (550)
[2021.08.03-18.10.25:646][912]LogModuleManager: Shutting down and abandoning module AndroidDeviceDetection (549)
[2021.08.03-18.10.27:315][912]LogModuleManager: Shutting down and abandoning module WindowsPlatformEditor (546)
[2021.08.03-18.10.27:315][912]LogModuleManager: Shutting down and abandoning module LuminRuntimeSettings (544)
[2021.08.03-18.10.27:315][912]LogModuleManager: Shutting down and abandoning module IOSRuntimeSettings (542)
[2021.08.03-18.10.27:315][912]LogModuleManager: Shutting down and abandoning module AndroidRuntimeSettings (540)
[2021.08.03-18.10.27:315][912]LogModuleManager: Shutting down and abandoning module TimeManagementEditor (538)
[2021.08.03-18.10.27:315][912]LogModuleManager: Shutting down and abandoning module InputBindingEditor (536)
[2021.08.03-18.10.27:324][912]LogModuleManager: Shutting down and abandoning module MergeActors (534)
[2021.08.03-18.10.27:326][912]LogModuleManager: Shutting down and abandoning module LocalizationDashboard (532)
[2021.08.03-18.10.27:327][912]LogModuleManager: Shutting down and abandoning module LocalizationService (531)
[2021.08.03-18.10.27:327][912]LogModuleManager: Shutting down and abandoning module HardwareTargeting (528)
[2021.08.03-18.10.27:327][912]LogModuleManager: Shutting down and abandoning module DeviceProfileEditor (526)
[2021.08.03-18.10.27:328][912]LogModuleManager: Shutting down and abandoning module UndoHistory (524)
[2021.08.03-18.10.27:328][912]LogModuleManager: Shutting down and abandoning module XmlParser (522)
[2021.08.03-18.10.27:328][912]LogModuleManager: Shutting down and abandoning module Blutility (520)
[2021.08.03-18.10.27:329][912]LogModuleManager: Shutting down and abandoning module ProjectSettingsViewer (518)
[2021.08.03-18.10.27:329][912]LogModuleManager: Shutting down and abandoning module ProjectTargetPlatformEditor (517)
[2021.08.03-18.10.27:329][912]LogModuleManager: Shutting down and abandoning module EditorSettingsViewer (514)
[2021.08.03-18.10.27:329][912]LogModuleManager: Shutting down and abandoning module SettingsEditor (512)
[2021.08.03-18.10.27:331][912]LogModuleManager: Shutting down and abandoning module ProjectLauncher (510)
[2021.08.03-18.10.27:331][912]LogModuleManager: Shutting down and abandoning module SessionFrontend (508)
[2021.08.03-18.10.27:332][912]LogModuleManager: Shutting down and abandoning module ProfilerClient (506)
[2021.08.03-18.10.27:332][912]LogModuleManager: Shutting down and abandoning module DeviceManager (504)
[2021.08.03-18.10.27:336][912]LogModuleManager: Shutting down and abandoning module TargetDeviceServices (503)
[2021.08.03-18.10.27:369][912]LogModuleManager: Shutting down and abandoning module AutomationController (500)
[2021.08.03-18.10.27:372][912]LogModuleManager: Shutting down and abandoning module AutomationWindow (498)
[2021.08.03-18.10.27:373][912]LogModuleManager: Shutting down and abandoning module Layers (496)
[2021.08.03-18.10.27:375][912]LogModuleManager: Shutting down and abandoning module ComponentVisualizers (494)
[2021.08.03-18.10.27:376][912]LogModuleManager: Shutting down and abandoning module DetailCustomizations (492)
[2021.08.03-18.10.27:377][912]LogModuleManager: Shutting down and abandoning module PackagesDialog (490)
[2021.08.03-18.10.27:378][912]LogModuleManager: Shutting down and abandoning module AnimationBlueprintEditor (488)
[2021.08.03-18.10.27:379][912]LogModuleManager: Shutting down and abandoning module Persona (486)
[2021.08.03-18.10.27:382][912]LogModuleManager: Shutting down and abandoning module AdvancedPreviewScene (485)
[2021.08.03-18.10.27:382][912]LogModuleManager: Shutting down and abandoning module AnimGraph (483)
[2021.08.03-18.10.27:383][912]LogModuleManager: Shutting down and abandoning module Kismet (480)
[2021.08.03-18.10.27:400][912]LogModuleManager: Shutting down and abandoning module KismetWidgets (479)
[2021.08.03-18.10.27:407][912]LogModuleManager: Shutting down and abandoning module GraphEditor (476)
[2021.08.03-18.10.27:408][912]LogModuleManager: Shutting down and abandoning module StructViewer (474)
[2021.08.03-18.10.27:408][912]LogModuleManager: Shutting down and abandoning module ClassViewer (472)
[2021.08.03-18.10.27:408][912]LogModuleManager: Shutting down and abandoning module Toolbox (470)
[2021.08.03-18.10.27:408][912]LogModuleManager: Shutting down and abandoning module ModuleUI (468)
[2021.08.03-18.10.27:415][912]LogModuleManager: Shutting down and abandoning module MovieSceneTools (466)
[2021.08.03-18.10.27:417][912]LogModuleManager: Shutting down and abandoning module OutputLog (464)
[2021.08.03-18.10.27:418][912]LogModuleManager: Shutting down and abandoning module GammaUI (462)
[2021.08.03-18.10.27:419][912]LogModuleManager: Shutting down and abandoning module Documentation (460)
[2021.08.03-18.10.27:419][912]LogModuleManager: Shutting down and abandoning module LiveCoding (458)
[2021.08.03-18.10.27:420][912]LogModuleManager: Shutting down and abandoning module LevelSequence (456)
[2021.08.03-18.10.27:421][912]LogModuleManager: Shutting down and abandoning module MovieSceneTracks (454)
[2021.08.03-18.10.27:421][912]LogModuleManager: Shutting down and abandoning module MovieScene (452)
[2021.08.03-18.10.27:421][912]LogModuleManager: Shutting down and abandoning module StreamingPauseRendering (450)
[2021.08.03-18.10.27:422][912]LogModuleManager: Shutting down and abandoning module LauncherPlatform (448)
[2021.08.03-18.10.27:422][912]LogModuleManager: Shutting down and abandoning module AnalyticsET (446)
[2021.08.03-18.10.27:422][912]LogModuleManager: Shutting down and abandoning module PortalServices (444)
[2021.08.03-18.10.27:422][912]LogModuleManager: Shutting down and abandoning module PortalRpc (442)
[2021.08.03-18.10.27:422][912]LogModuleManager: Shutting down and abandoning module MessagingRpc (440)
[2021.08.03-18.10.27:422][912]LogModuleManager: Shutting down and abandoning module AIModule (438)
[2021.08.03-18.10.27:423][912]LogModuleManager: Shutting down and abandoning module GameplayDebugger (437)
[2021.08.03-18.10.27:423][912]LogModuleManager: Shutting down and abandoning module AITestSuite (435)
[2021.08.03-18.10.27:423][912]LogModuleManager: Shutting down and abandoning module NavigationSystem (433)
[2021.08.03-18.10.27:423][912]LogModuleManager: Shutting down and abandoning module DesktopPlatform (430)
[2021.08.03-18.10.27:424][912]LogModuleManager: Shutting down and abandoning module ImageWriteQueue (428)
[2021.08.03-18.10.27:437][912]LogModuleManager: Shutting down and abandoning module ProfilerService (426)
[2021.08.03-18.10.27:629][912]LogModuleManager: Shutting down and abandoning module TaskGraph (424)
[2021.08.03-18.10.27:630][912]LogModuleManager: Shutting down and abandoning module ScreenshotTools (422)
[2021.08.03-18.10.27:630][912]LogModuleManager: Shutting down and abandoning module SteamVRController (420)
[2021.08.03-18.10.27:630][912]LogModuleManager: Shutting down and abandoning module ProceduralMeshComponentEditor (418)
[2021.08.03-18.10.27:631][912]LogModuleManager: Shutting down and abandoning module ProceduralMeshComponent (416)
[2021.08.03-18.10.27:631][912]LogModuleManager: Shutting down and abandoning module OculusEditor (414)
[2021.08.03-18.10.27:631][912]LogModuleManager: Shutting down and abandoning module OculusInput (412)
[2021.08.03-18.10.27:631][912]LogModuleManager: Shutting down and abandoning module MobilePatchingUtils (410)
[2021.08.03-18.10.27:632][912]LogModuleManager: Shutting down and abandoning module EditableMesh (408)
[2021.08.03-18.10.27:632][912]LogModuleManager: Shutting down and abandoning module CustomMeshComponent (406)
[2021.08.03-18.10.27:632][912]LogModuleManager: Shutting down and abandoning module CableComponent (404)
[2021.08.03-18.10.27:632][912]LogModuleManager: Shutting down and abandoning module AudioCapture (402)
[2021.08.03-18.10.27:632][912]LogModuleManager: Shutting down and abandoning module ArchVisCharacter (400)
[2021.08.03-18.10.27:632][912]LogModuleManager: Shutting down and abandoning module AppleImageUtilsBlueprintSupport (398)
[2021.08.03-18.10.27:632][912]LogModuleManager: Shutting down and abandoning module AppleImageUtils (396)
[2021.08.03-18.10.27:632][912]LogModuleManager: Shutting down and abandoning module AndroidPermission (394)
[2021.08.03-18.10.27:632][912]LogModuleManager: Shutting down and abandoning module NUTUnrealEngine4 (392)
[2021.08.03-18.10.27:634][912]LogModuleManager: Shutting down and abandoning module NetcodeUnitTest (390)
[2021.08.03-18.10.27:637][912]LogModuleManager: Shutting down and abandoning module MediaCompositing (388)
[2021.08.03-18.10.27:637][912]LogModuleManager: Shutting down and abandoning module ImgMedia (386)
[2021.08.03-18.10.27:637][912]LogModuleManager: Shutting down and abandoning module MagicLeapHelperVulkan (384)
[2021.08.03-18.10.27:637][912]LogModuleManager: Shutting down and abandoning module MagicLeapHelperOpenGL (382)
[2021.08.03-18.10.27:637][912]LogModuleManager: Shutting down and abandoning module MagicLeapAudio (380)
[2021.08.03-18.10.27:637][912]LogModuleManager: Shutting down and abandoning module HTML5Networking (378)
[2021.08.03-18.10.27:637][912]LogModuleManager: Shutting down and abandoning module GeometryCacheTracks (376)
[2021.08.03-18.10.27:637][912]LogModuleManager: Shutting down and abandoning module GeometryCacheSequencer (374)
[2021.08.03-18.10.27:637][912]LogModuleManager: Shutting down and abandoning module BackChannel (372)
[2021.08.03-18.10.27:638][912]LogModuleManager: Shutting down and abandoning module AutomationUtilsEditor (370)
[2021.08.03-18.10.27:638][912]LogModuleManager: Shutting down and abandoning module AutomationUtils (368)
[2021.08.03-18.10.27:638][912]LogModuleManager: Shutting down and abandoning module AlembicImporter (366)
[2021.08.03-18.10.27:638][912]LogModuleManager: Shutting down and abandoning module AlembicLibrary (365)
[2021.08.03-18.10.27:638][912]LogModuleManager: Shutting down and abandoning module GeometryCache (364)
[2021.08.03-18.10.27:638][912]LogModuleManager: Shutting down and abandoning module GeometryCacheEd (363)
[2021.08.03-18.10.27:638][912]LogModuleManager: Shutting down and abandoning module VariantManagerContent (358)
[2021.08.03-18.10.27:638][912]LogModuleManager: Shutting down and abandoning module DatasmithContentEditor (356)
[2021.08.03-18.10.27:639][912]LogModuleManager: Shutting down and abandoning module SpeedTreeImporter (354)
[2021.08.03-18.10.27:639][912]LogModuleManager: Shutting down and abandoning module PluginBrowser (352)
[2021.08.03-18.10.27:642][912]LogModuleManager: Shutting down and abandoning module MobileLauncherProfileWizard (350)
[2021.08.03-18.10.27:643][912]LogModuleManager: Shutting down and abandoning module MaterialAnalyzer (348)
[2021.08.03-18.10.27:644][912]LogModuleManager: Shutting down and abandoning module CurveEditorTools (346)
[2021.08.03-18.10.27:645][912]LogModuleManager: Shutting down and abandoning module CurveEditor (345)
[2021.08.03-18.10.27:647][912]LogModuleManager: Shutting down and abandoning module CryptoKeysOpenSSL (342)
[2021.08.03-18.10.27:647][912]LogModuleManager: Shutting down and abandoning module CryptoKeys (340)
[2021.08.03-18.10.27:647][912]LogModuleManager: Shutting down and abandoning module VisualStudioSourceCodeAccess (338)
[2021.08.03-18.10.27:648][912]LogModuleManager: Shutting down and abandoning module VisualStudioCodeSourceCodeAccess (336)
[2021.08.03-18.10.27:648][912]LogModuleManager: Shutting down and abandoning module UObjectPlugin (334)
[2021.08.03-18.10.27:648][912]LogModuleManager: Shutting down and abandoning module SubversionSourceControl (332)
[2021.08.03-18.10.27:650][912]LogModuleManager: Shutting down and abandoning module PerforceSourceControl (330)
[2021.08.03-18.10.27:654][912]LogModuleManager: Shutting down and abandoning module GitSourceControl (328)
[2021.08.03-18.10.27:656][912]LogModuleManager: Shutting down and abandoning module SourceControl (327)
[2021.08.03-18.10.27:656][912]LogModuleManager: Shutting down and abandoning module CLionSourceCodeAccess (324)
[2021.08.03-18.10.27:657][912]LogModuleManager: Shutting down and abandoning module AnimationSharingEd (322)
[2021.08.03-18.10.27:657][912]LogModuleManager: Shutting down and abandoning module ActorLayerUtilitiesEditor (320)
[2021.08.03-18.10.27:658][912]LogModuleManager: Shutting down and abandoning module ActorLayerUtilities (318)
[2021.08.03-18.10.27:658][912]LogModuleManager: Shutting down and abandoning module LightPropagationVolumeEditor (316)
[2021.08.03-18.10.27:658][912]LogModuleManager: Shutting down and abandoning module PaperTiledImporter (314)
[2021.08.03-18.10.27:658][912]LogModuleManager: Shutting down and abandoning module PaperSpriteSheetImporter (312)
[2021.08.03-18.10.27:658][912]LogModuleManager: Shutting down and abandoning module Paper2DEditor (310)
[2021.08.03-18.10.27:660][912]LogModuleManager: Shutting down and abandoning module SignificanceManager (308)
[2021.08.03-18.10.27:660][912]LogModuleManager: Shutting down and abandoning module RuntimePhysXCooking (306)
[2021.08.03-18.10.27:660][912]LogModuleManager: Shutting down and abandoning module PhysXVehiclesEditor (304)
[2021.08.03-18.10.27:660][912]LogModuleManager: Shutting down and abandoning module LocationServicesBPLibrary (300)
[2021.08.03-18.10.27:661][912]LogModuleManager: Shutting down and abandoning module ActorSequence (298)
[2021.08.03-18.10.27:661][912]LogModuleManager: Shutting down and abandoning module UdpMessaging (296)
[2021.08.03-18.10.27:762][912]LogModuleManager: Shutting down and abandoning module TcpMessaging (294)
[2021.08.03-18.10.27:864][912]LogModuleManager: Shutting down and abandoning module MagicLeapIdentity (292)
[2021.08.03-18.10.27:864][912]LogModuleManager: Shutting down and abandoning module MagicLeapSecureStorage (290)
[2021.08.03-18.10.27:864][912]LogModuleManager: Shutting down and abandoning module MagicLeapHandTracking (288)
[2021.08.03-18.10.27:864][912]LogModuleManager: Shutting down and abandoning module MagicLeapEyeTracker (286)
[2021.08.03-18.10.27:865][912]LogModuleManager: Shutting down and abandoning module MagicLeapController (284)
[2021.08.03-18.10.27:869][912]LogSlate: Slate User Destroyed.  User Index 0, Is Virtual User: 0
[2021.08.03-18.10.27:870][912]LogModuleManager: Shutting down and abandoning module MagicLeapAR (282)
[2021.08.03-18.10.27:870][912]LogModuleManager: Shutting down and abandoning module AugmentedReality (281)
[2021.08.03-18.10.27:870][912]LogModuleManager: Shutting down and abandoning module GameplayTagsEditor (278)
[2021.08.03-18.10.27:870][912]LogModuleManager: Shutting down and abandoning module FacialAnimationEditor (276)
[2021.08.03-18.10.27:870][912]LogModuleManager: Shutting down and abandoning module FacialAnimation (274)
[2021.08.03-18.10.27:870][912]LogModuleManager: Shutting down and abandoning module DataValidation (272)
[2021.08.03-18.10.27:871][912]LogModuleManager: Shutting down and abandoning module AssetManagerEditor (270)
[2021.08.03-18.10.27:872][912]LogModuleManager: Shutting down and abandoning module LevelEditor (269)
[2021.08.03-18.10.27:879][912]LogModuleManager: Shutting down and abandoning module PixelInspectorModule (268)
[2021.08.03-18.10.27:880][912]LogModuleManager: Shutting down and abandoning module CommonMenuExtensions (266)
[2021.08.03-18.10.27:881][912]LogModuleManager: Shutting down and abandoning module MainFrame (264)
[2021.08.03-18.10.27:881][912]LogModuleManager: Shutting down and abandoning module HotReload (263)
[2021.08.03-18.10.27:883][912]LogModuleManager: Shutting down and abandoning module ContentBrowser (259)
[2021.08.03-18.10.27:891][912]LogModuleManager: Shutting down and abandoning module TreeMap (257)
[2021.08.03-18.10.27:892][912]LogModuleManager: Shutting down and abandoning module AnimationSharing (254)
[2021.08.03-18.10.27:892][912]LogModuleManager: Shutting down and abandoning module LightPropagationVolumeRuntime (252)
[2021.08.03-18.10.27:892][912]LogModuleManager: Shutting down and abandoning module Paper2D (250)
[2021.08.03-18.10.27:892][912]LogModuleManager: Shutting down and abandoning module WindowsMoviePlayer (248)
[2021.08.03-18.10.27:912][912]LogModuleManager: Shutting down and abandoning module WebMMoviePlayer (246)
[2021.08.03-18.10.27:912][912]LogModuleManager: Shutting down and abandoning module NetworkReplayStreaming (244)
[2021.08.03-18.10.27:912][912]LogModuleManager: Shutting down and abandoning module PacketHandler (242)
[2021.08.03-18.10.27:912][912]LogModuleManager: Shutting down and abandoning module ClothingSystemEditor (240)
[2021.08.03-18.10.27:913][912]LogModuleManager: Shutting down and abandoning module ClothingSystemRuntime (238)
[2021.08.03-18.10.27:915][912]LogModuleManager: Shutting down and abandoning module MediaAssets (236)
[2021.08.03-18.10.27:915][912]LogModuleManager: Shutting down and abandoning module Overlay (234)
[2021.08.03-18.10.27:915][912]LogModuleManager: Shutting down and abandoning module OverlayEditor (233)
[2021.08.03-18.10.27:915][912]LogModuleManager: Shutting down and abandoning module VREditor (230)
[2021.08.03-18.10.27:916][912]LogModuleManager: Shutting down and abandoning module StringTableEditor (228)
[2021.08.03-18.10.27:917][912]LogModuleManager: Shutting down and abandoning module GameplayTasksEditor (226)
[2021.08.03-18.10.27:917][912]LogModuleManager: Shutting down and abandoning module BehaviorTreeEditor (224)
[2021.08.03-18.10.27:920][912]LogModuleManager: Shutting down and abandoning module FunctionalTesting (222)
[2021.08.03-18.10.27:921][912]LogModuleManager: Shutting down and abandoning module CollisionAnalyzer (220)
[2021.08.03-18.10.27:927][912]LogModuleManager: Shutting down and abandoning module WorkspaceMenuStructure (219)
[2021.08.03-18.10.27:928][912]LogModuleManager: Shutting down and abandoning module UMG (216)
[2021.08.03-18.10.27:929][912]LogModuleManager: Shutting down and abandoning module UMGEditor (215)
[2021.08.03-18.10.27:933][912]LogModuleManager: Shutting down and abandoning module Sequencer (214)
[2021.08.03-18.10.27:938][912]LogModuleManager: Shutting down and abandoning module MessageLog (211)
[2021.08.03-18.10.27:938][912]LogModuleManager: Shutting down and abandoning module SlateReflector (206)
[2021.08.03-18.10.27:942][912]LogModuleManager: Shutting down and abandoning module Slate (204)
[2021.08.03-18.10.27:942][912]LogModuleManager: Shutting down and abandoning module LandscapeEditorUtilities (202)
[2021.08.03-18.10.27:942][912]LogModuleManager: Shutting down and abandoning module EditorStyle (200)
[2021.08.03-18.10.27:949][912]LogModuleManager: Shutting down and abandoning module UnrealEd (198)
[2021.08.03-18.10.27:949][912]LogModuleManager: Shutting down and abandoning module MRMesh (196)
[2021.08.03-18.10.27:949][912]LogModuleManager: Shutting down and abandoning module SourceCodeAccess (194)
[2021.08.03-18.10.27:949][912]LogModuleManager: Shutting down and abandoning module HeadMountedDisplay (192)
[2021.08.03-18.10.27:949][912]LogModuleManager: Shutting down and abandoning module XAudio2 (190)
[2021.08.03-18.10.27:950][912]LogModuleManager: Shutting down and abandoning module Networking (188)
[2021.08.03-18.10.27:950][912]LogModuleManager: Shutting down and abandoning module Core (186)
[2021.08.03-18.10.27:950][912]LogModuleManager: Shutting down and abandoning module KismetCompiler (184)
[2021.08.03-18.10.27:950][912]LogModuleManager: Shutting down and abandoning module MeshUtilities (182)
[2021.08.03-18.10.27:951][912]LogModuleManager: Shutting down and abandoning module MeshMergeUtilities (181)
[2021.08.03-18.10.27:952][912]LogModuleManager: Shutting down and abandoning module MeshReductionInterface (180)
[2021.08.03-18.10.27:953][912]LogModuleManager: Shutting down and abandoning module SkeletalMeshReduction (179)
[2021.08.03-18.10.27:953][912]LogModuleManager: Shutting down and abandoning module ProxyLODMeshReduction (177)
[2021.08.03-18.10.27:956][912]LogModuleManager: Shutting down and abandoning module QuadricMeshReduction (175)
[2021.08.03-18.10.27:956][912]LogModuleManager: Shutting down and abandoning module MaterialBaking (171)
[2021.08.03-18.10.27:957][912]LogModuleManager: Shutting down and abandoning module NullInstallBundleManager (166)
[2021.08.03-18.10.27:957][912]LogModuleManager: Shutting down and abandoning module DerivedDataCache (164)
[2021.08.03-18.10.28:034][912]LogDerivedDataCache: Shutdown
[2021.08.03-18.10.28:034][912]LogModuleManager: Shutting down and abandoning module XGEController (162)
[2021.08.03-18.10.28:035][912]LogModuleManager: Shutting down and abandoning module TargetPlatform (160)
[2021.08.03-18.10.28:039][912]LogModuleManager: Shutting down and abandoning module VulkanShaderFormat (159)
[2021.08.03-18.10.28:040][912]LogModuleManager: Shutting down and abandoning module ShaderFormatVectorVM (157)
[2021.08.03-18.10.28:041][912]LogModuleManager: Shutting down and abandoning module ShaderFormatOpenGL (155)
[2021.08.03-18.10.28:041][912]LogModuleManager: Shutting down and abandoning module ShaderFormatD3D (153)
[2021.08.03-18.10.28:042][912]LogModuleManager: Shutting down and abandoning module MetalShaderFormat (151)
[2021.08.03-18.10.28:043][912]LogModuleManager: Shutting down and abandoning module TextureFormatUncompressed (149)
[2021.08.03-18.10.28:043][912]LogModuleManager: Shutting down and abandoning module TextureFormatPVR (147)
[2021.08.03-18.10.28:043][912]LogModuleManager: Shutting down and abandoning module TextureFormatDXT (145)
[2021.08.03-18.10.28:043][912]LogModuleManager: Shutting down and abandoning module TextureFormatIntelISPCTexComp (143)
[2021.08.03-18.10.28:046][912]LogModuleManager: Shutting down and abandoning module TextureFormatASTC (141)
[2021.08.03-18.10.28:046][912]LogModuleManager: Shutting down and abandoning module ImageWrapper (140)
[2021.08.03-18.10.28:046][912]LogModuleManager: Shutting down and abandoning module TextureFormatAndroid (137)
[2021.08.03-18.10.28:046][912]LogModuleManager: Shutting down and abandoning module AudioFormatOpus (135)
[2021.08.03-18.10.28:046][912]LogModuleManager: Shutting down and abandoning module AudioFormatOgg (133)
[2021.08.03-18.10.28:046][912]LogModuleManager: Shutting down and abandoning module AudioFormatADPCM (131)
[2021.08.03-18.10.28:046][912]LogModuleManager: Shutting down and abandoning module LuminTargetPlatform (129)
[2021.08.03-18.10.28:120][912]LogModuleManager: Shutting down and abandoning module LinuxTargetPlatform (127)
[2021.08.03-18.10.28:120][912]LogModuleManager: Shutting down and abandoning module LinuxServerTargetPlatform (125)
[2021.08.03-18.10.28:120][912]LogModuleManager: Shutting down and abandoning module LinuxNoEditorTargetPlatform (123)
[2021.08.03-18.10.28:121][912]LogModuleManager: Shutting down and abandoning module LinuxClientTargetPlatform (121)
[2021.08.03-18.10.28:121][912]LogModuleManager: Shutting down and abandoning module TVOSTargetPlatform (119)
[2021.08.03-18.10.28:158][912]LogModuleManager: Shutting down and abandoning module Messaging (117)
[2021.08.03-18.10.28:158][912]LogModuleManager: Shutting down and abandoning module IOSTargetPlatform (115)
[2021.08.03-18.10.28:213][912]LogModuleManager: Shutting down and abandoning module HTML5TargetPlatform (113)
[2021.08.03-18.10.28:220][912]LogModuleManager: Shutting down and abandoning module AndroidTargetPlatform (111)
[2021.08.03-18.10.28:486][912]LogModuleManager: Shutting down and abandoning module WindowsTargetPlatform (109)
[2021.08.03-18.10.28:486][912]LogModuleManager: Shutting down and abandoning module WindowsServerTargetPlatform (107)
[2021.08.03-18.10.28:492][912]LogModuleManager: Shutting down and abandoning module WindowsNoEditorTargetPlatform (105)
[2021.08.03-18.10.28:497][912]LogModuleManager: Shutting down and abandoning module WindowsClientTargetPlatform (103)
[2021.08.03-18.10.28:500][912]LogModuleManager: Shutting down and abandoning module MacTargetPlatform (101)
[2021.08.03-18.10.28:501][912]LogModuleManager: Shutting down and abandoning module MacServerTargetPlatform (99)
[2021.08.03-18.10.28:508][912]LogModuleManager: Shutting down and abandoning module MacNoEditorTargetPlatform (97)
[2021.08.03-18.10.28:515][912]LogModuleManager: Shutting down and abandoning module MacClientTargetPlatform (95)
[2021.08.03-18.10.28:518][912]LogModuleManager: Shutting down and abandoning module AllDesktopTargetPlatform (93)
[2021.08.03-18.10.28:518][912]LogModuleManager: Shutting down and abandoning module InputCore (90)
[2021.08.03-18.10.28:518][912]LogModuleManager: Shutting down and abandoning module Settings (88)
[2021.08.03-18.10.28:518][912]LogModuleManager: Shutting down and abandoning module DirectoryWatcher (86)
[2021.08.03-18.10.28:521][912]LogModuleManager: Shutting down and abandoning module PhysXCooking (84)
[2021.08.03-18.10.28:521][912]LogModuleManager: Shutting down and abandoning module WindowsPlatformFeatures (82)
[2021.08.03-18.10.28:523][912]LogModuleManager: Shutting down and abandoning module GameplayMediaEncoder (81)
[2021.08.03-18.10.28:533][912]LogModuleManager: Shutting down and abandoning module SteamVR (78)
[2021.08.03-18.10.28:533][912]LogHMD: Freeing OpenVRDLLHandle.
[2021.08.03-18.10.28:533][912]LogModuleManager: Shutting down and abandoning module OculusHMD (76)
[2021.08.03-18.10.28:534][912]LogModuleManager: Shutting down and abandoning module ExampleDeviceProfileSelector (74)
[2021.08.03-18.10.28:534][912]LogModuleManager: Shutting down and abandoning module LauncherChunkInstaller (72)
[2021.08.03-18.10.28:534][912]LogModuleManager: Shutting down and abandoning module OnlineBlueprintSupport (70)
[2021.08.03-18.10.28:534][912]LogModuleManager: Shutting down and abandoning module OnlineSubsystem (66)
[2021.08.03-18.10.28:544][912]LogModuleManager: Shutting down and abandoning module XMPP (61)
[2021.08.03-18.10.28:569][912]LogModuleManager: Shutting down and abandoning module WebSockets (60)
[2021.08.03-18.10.28:598][912]LogModuleManager: Shutting down and abandoning module HTTP (57)
[2021.08.03-18.10.28:598][912]LogHttp: Display: Http module shutting down, but needs to wait on 1 outstanding Http requests:
[2021.08.03-18.10.28:599][912]LogHttp: Display: 	verb=[POST] url=[https://datarouter.ol.epicgames.com/datarouter/api/v1/public/data?SessionID=%7B75B476C3-4CEC-908D-734B-38BA2FE98B12%7D&AppID=UEEditor.Rocket.Release&AppVersion=4.23.1-9631420%2B%2B%2BUE4%2BRelease-4.23&UserID=39917c4e4d87a9fefc1964aee1021b5b%7C5bfda8880cdb49189da632b728097990%7Cb69c147b-1d4c-402b-9e84-04f765cd1340&AppEnvironment=datacollector-binary&UploadType=eteventstream] status=Processing
[2021.08.03-18.10.28:603][912]LogModuleManager: Shutting down and abandoning module SSL (56)
[2021.08.03-18.10.28:629][912]LogModuleManager: Shutting down and abandoning module WmfMedia (52)
[2021.08.03-18.10.28:637][912]LogModuleManager: Shutting down and abandoning module Media (51)
[2021.08.03-18.10.28:640][912]LogModuleManager: Shutting down and abandoning module MagicLeap (48)
[2021.08.03-18.10.28:641][912]LogModuleManager: Shutting down and abandoning module DatasmithContent (46)
[2021.08.03-18.10.28:642][912]LogModuleManager: Shutting down and abandoning module AISupportModule (44)
[2021.08.03-18.10.28:642][912]LogModuleManager: Shutting down and abandoning module PlatformCryptoOpenSSL (42)
[2021.08.03-18.10.28:642][912]LogModuleManager: Shutting down and abandoning module PlatformCrypto (40)
[2021.08.03-18.10.28:643][912]LogModuleManager: Shutting down and abandoning module AnimationModifiers (38)
[2021.08.03-18.10.28:643][912]LogModuleManager: Shutting down and abandoning module PropertyEditor (37)
[2021.08.03-18.10.28:645][912]LogModuleManager: Shutting down and abandoning module AudioEditor (34)
[2021.08.03-18.10.28:654][912]LogModuleManager: Shutting down and abandoning module TextureCompressor (32)
[2021.08.03-18.10.28:657][912]LogModuleManager: Shutting down and abandoning module RenderCore (30)
[2021.08.03-18.10.28:657][912]LogModuleManager: Shutting down and abandoning module Landscape (28)
[2021.08.03-18.10.28:657][912]LogModuleManager: Shutting down and abandoning module SlateRHIRenderer (26)
[2021.08.03-18.10.28:667][912]LogModuleManager: Shutting down and abandoning module OpenGLDrv (24)
[2021.08.03-18.10.28:669][912]LogModuleManager: Shutting down and abandoning module D3D11RHI (22)
[2021.08.03-18.10.28:669][912]LogModuleManager: Shutting down and abandoning module AnimGraphRuntime (20)
[2021.08.03-18.10.28:669][912]LogModuleManager: Shutting down and abandoning module Renderer (18)
[2021.08.03-18.10.28:670][912]LogModuleManager: Shutting down and abandoning module Engine (16)
[2021.08.03-18.10.28:671][912]LogModuleManager: Shutting down and abandoning module CoreUObject (14)
[2021.08.03-18.10.28:671][912]LogModuleManager: Shutting down and abandoning module NetworkFile (12)
[2021.08.03-18.10.28:671][912]LogModuleManager: Shutting down and abandoning module CookedIterativeFile (10)
[2021.08.03-18.10.28:672][912]LogModuleManager: Shutting down and abandoning module StreamingFile (8)
[2021.08.03-18.10.28:672][912]LogModuleManager: Shutting down and abandoning module SandboxFile (6)
[2021.08.03-18.10.28:672][912]LogModuleManager: Shutting down and abandoning module PakFile (4)
[2021.08.03-18.10.28:673][912]LogModuleManager: Shutting down and abandoning module RSA (3)
[2021.08.03-18.10.28:684][912]LogD3D11RHI: Shutdown
[2021.08.03-18.10.28:684][912]LogD3D11RHI: CleanupD3DDevice
[2021.08.03-18.10.28:755][912]LogRendererCore: FGlobalDynamicReadBuffer::Cleanup()
[2021.08.03-18.10.28:758][912]LogRendererCore: FGlobalDynamicReadBuffer::Cleanup()
[2021.08.03-18.10.28:758][912]LogRendererCore: FGlobalDynamicReadBuffer::Cleanup()
[2021.08.03-18.10.29:223][912]LogD3D11RHI: [IntelMetricsDiscovery] Stopped
[2021.08.03-18.10.29:883][912]LogD3D11RHI: ~FD3D11DynamicRHI
[2021.08.03-18.10.29:927][912]LogExit: Exiting.
[2021.08.03-18.10.29:951][912]Log file closed, 08/03/21 14:10:29
